
2026/06/16 (12:10:54) | ===> btop++ v.1.3.2
2026/06/16 (12:10:54) | WARNING: Failed to join _runner thread on exit!

2026/06/16 (12:11:00) | ===> btop++ v.1.3.2
2026/06/16 (12:11:00) | WARNING: ROCm SMI: Failed to get device name
2026/06/16 (12:11:00) | WARNING: ROCm SMI: Failed to get maximum GPU temperature, defaulting to 110°C
2026/06/16 (12:11:00) | WARNING: ROCm SMI: Failed to get PCIe throughput
2026/06/16 (12:11:47) | WARNING: Failed to join _runner thread on exit!

2026/06/16 (12:14:44) | ===> btop++ v.1.3.2
2026/06/16 (12:14:44) | ERROR: No tty detected!
btop++ needs an interactive shell to run.

2026/06/16 (12:15:46) | ===> btop++ v.1.3.2
2026/06/16 (12:15:46) | WARNING: ROCm SMI: Failed to get device name
2026/06/16 (12:15:46) | WARNING: ROCm SMI: Failed to get maximum GPU temperature, defaulting to 110°C
2026/06/16 (12:15:46) | WARNING: ROCm SMI: Failed to get PCIe throughput

2026/06/17 (10:53:38) | ===> btop++ v.1.3.2
2026/06/17 (10:53:38) | WARNING: ROCm SMI: Failed to get device name
2026/06/17 (10:53:38) | WARNING: ROCm SMI: Failed to get maximum GPU temperature, defaulting to 110°C
2026/06/17 (10:53:38) | WARNING: ROCm SMI: Failed to get PCIe throughput

2026/06/17 (10:54:14) | ===> btop++ v.1.3.2
2026/06/17 (10:54:14) | WARNING: ROCm SMI: Failed to get device name
2026/06/17 (10:54:14) | WARNING: ROCm SMI: Failed to get maximum GPU temperature, defaulting to 110°C
2026/06/17 (10:54:14) | WARNING: ROCm SMI: Failed to get PCIe throughput

2026/06/20 (11:09:01) | ===> btop++ v.1.3.2
2026/06/20 (11:09:01) | WARNING: ROCm SMI: Failed to get device name
2026/06/20 (11:09:01) | WARNING: ROCm SMI: Failed to get maximum GPU temperature, defaulting to 110°C
2026/06/20 (11:09:01) | WARNING: ROCm SMI: Failed to get PCIe throughput

2026/06/20 (13:52:49) | ===> btop++ v.1.3.2
2026/06/20 (13:52:49) | WARNING: ROCm SMI: Failed to get device name
2026/06/20 (13:52:49) | WARNING: ROCm SMI: Failed to get maximum GPU temperature, defaulting to 110°C
2026/06/20 (13:52:49) | WARNING: ROCm SMI: Failed to get PCIe throughput
2026/06/20 (13:53:02) | WARNING: Failed to join _runner thread on exit!

2026/06/20 (13:53:35) | ===> btop++ v.1.3.2
2026/06/20 (13:53:35) | WARNING: ROCm SMI: Failed to get device name
2026/06/20 (13:53:35) | WARNING: ROCm SMI: Failed to get maximum GPU temperature, defaulting to 110°C
2026/06/20 (13:53:35) | WARNING: ROCm SMI: Failed to get PCIe throughput
2026/06/20 (13:53:47) | WARNING: Failed to join _runner thread on exit!

2026/06/20 (23:14:20) | ===> btop++ v.1.3.2
2026/06/20 (23:14:20) | WARNING: ROCm SMI: Failed to get device name
2026/06/20 (23:14:20) | WARNING: ROCm SMI: Failed to get maximum GPU temperature, defaulting to 110°C
2026/06/20 (23:14:20) | WARNING: ROCm SMI: Failed to get PCIe throughput

2026/06/28 (10:20:20) | ===> btop++ v.1.3.2
2026/06/28 (10:20:20) | WARNING: ROCm SMI: Failed to get device name
2026/06/28 (10:20:20) | WARNING: ROCm SMI: Failed to get maximum GPU temperature, defaulting to 110°C
2026/06/28 (10:20:20) | WARNING: ROCm SMI: Failed to get PCIe throughput

2026/07/01 (12:48:50) | ===> btop++ v.1.3.2
2026/07/01 (12:48:50) | WARNING: ROCm SMI: Failed to get device name
2026/07/01 (12:48:50) | WARNING: ROCm SMI: Failed to get maximum GPU temperature, defaulting to 110°C
2026/07/01 (12:48:50) | WARNING: ROCm SMI: Failed to get PCIe throughput
2026/07/01 (12:48:56) | WARNING: Failed to join _runner thread on exit!

2026/07/01 (12:51:17) | ===> btop++ v.1.3.2
2026/07/01 (12:51:17) | WARNING: ROCm SMI: Failed to get device name
2026/07/01 (12:51:17) | WARNING: ROCm SMI: Failed to get maximum GPU temperature, defaulting to 110°C
2026/07/01 (12:51:17) | WARNING: ROCm SMI: Failed to get PCIe throughput
2026/07/01 (12:51:33) | WARNING: Failed to join _runner thread on exit!

2026/07/01 (13:03:44) | ===> btop++ v.1.3.2
2026/07/01 (13:03:44) | WARNING: ROCm SMI: Failed to get device name
2026/07/01 (13:03:44) | WARNING: ROCm SMI: Failed to get maximum GPU temperature, defaulting to 110°C
2026/07/01 (13:03:44) | WARNING: ROCm SMI: Failed to get PCIe throughput

2026/07/02 (12:48:50) | ===> btop++ v.1.3.2
2026/07/02 (12:48:50) | WARNING: ROCm SMI: Failed to get device name
2026/07/02 (12:48:50) | WARNING: ROCm SMI: Failed to get maximum GPU temperature, defaulting to 110°C
2026/07/02 (12:48:50) | WARNING: ROCm SMI: Failed to get PCIe throughput

2026/07/05 (09:52:20) | ===> btop++ v.1.3.2
2026/07/05 (09:52:20) | WARNING: ROCm SMI: Failed to get device name
2026/07/05 (09:52:20) | WARNING: ROCm SMI: Failed to get maximum GPU temperature, defaulting to 110°C
2026/07/05 (09:52:20) | WARNING: ROCm SMI: Failed to get PCIe throughput
2026/07/05 (10:08:59) | WARNING: Failed to join _runner thread on exit!

2026/07/05 (13:03:13) | ===> btop++ v.1.3.2
2026/07/05 (13:03:13) | WARNING: ROCm SMI: Failed to get device name
2026/07/05 (13:03:13) | WARNING: ROCm SMI: Failed to get maximum GPU temperature, defaulting to 110°C
2026/07/05 (13:03:13) | WARNING: ROCm SMI: Failed to get PCIe throughput
2026/07/05 (13:03:29) | WARNING: Failed to join _runner thread on exit!

2026/07/05 (13:17:44) | ===> btop++ v.1.3.2
2026/07/05 (13:17:44) | WARNING: ROCm SMI: Failed to get device name
2026/07/05 (13:17:44) | WARNING: ROCm SMI: Failed to get maximum GPU temperature, defaulting to 110°C
2026/07/05 (13:17:44) | WARNING: ROCm SMI: Failed to get PCIe throughput
2026/07/05 (13:18:39) | WARNING: Failed to join _runner thread on exit!

2026/07/11 (16:56:07) | ===> btop++ v.1.3.2
2026/07/11 (16:56:07) | WARNING: ROCm SMI: Failed to get device name
2026/07/11 (16:56:07) | WARNING: ROCm SMI: Failed to get maximum GPU temperature, defaulting to 110°C
2026/07/11 (16:56:07) | WARNING: ROCm SMI: Failed to get PCIe throughput

2026/07/11 (20:20:04) | ===> btop++ v.1.3.2
2026/07/11 (20:20:04) | WARNING: ROCm SMI: Failed to get device name
2026/07/11 (20:20:04) | WARNING: ROCm SMI: Failed to get maximum GPU temperature, defaulting to 110°C
2026/07/11 (20:20:04) | WARNING: ROCm SMI: Failed to get PCIe throughput

2026/07/11 (20:53:22) | ===> btop++ v.1.3.2
2026/07/11 (20:53:22) | WARNING: ROCm SMI: Failed to get device name
2026/07/11 (20:53:22) | WARNING: ROCm SMI: Failed to get maximum GPU temperature, defaulting to 110°C
2026/07/11 (20:53:22) | WARNING: ROCm SMI: Failed to get PCIe throughput
2026/07/11 (20:55:18) | WARNING: Failed to join _runner thread on exit!

2026/07/11 (20:55:22) | ===> btop++ v.1.3.2
2026/07/11 (20:55:22) | WARNING: ROCm SMI: Failed to get device name
2026/07/11 (20:55:22) | WARNING: ROCm SMI: Failed to get maximum GPU temperature, defaulting to 110°C
2026/07/11 (20:55:22) | WARNING: ROCm SMI: Failed to get PCIe throughput
2026/07/11 (20:55:30) | WARNING: Failed to join _runner thread on exit!

2026/07/11 (20:55:33) | ===> btop++ v.1.3.2
2026/07/11 (20:55:33) | WARNING: ROCm SMI: Failed to get device name
2026/07/11 (20:55:33) | WARNING: ROCm SMI: Failed to get maximum GPU temperature, defaulting to 110°C
2026/07/11 (20:55:33) | WARNING: ROCm SMI: Failed to get PCIe throughput
2026/07/11 (20:55:53) | WARNING: Failed to join _runner thread on exit!

2026/07/11 (21:01:30) | ===> btop++ v.1.3.2
2026/07/11 (21:01:30) | WARNING: ROCm SMI: Failed to get device name
2026/07/11 (21:01:30) | WARNING: ROCm SMI: Failed to get maximum GPU temperature, defaulting to 110°C
2026/07/11 (21:01:30) | WARNING: ROCm SMI: Failed to get PCIe throughput

2026/07/12 (22:18:51) | ===> btop++ v.1.3.2
2026/07/12 (22:18:51) | WARNING: ROCm SMI: Failed to get device name
2026/07/12 (22:18:51) | WARNING: ROCm SMI: Failed to get maximum GPU temperature, defaulting to 110°C
2026/07/12 (22:18:51) | WARNING: ROCm SMI: Failed to get PCIe throughput

2026/07/12 (22:54:51) | ===> btop++ v.1.3.2
2026/07/12 (22:54:51) | WARNING: ROCm SMI: Failed to get device name
2026/07/12 (22:54:51) | WARNING: ROCm SMI: Failed to get maximum GPU temperature, defaulting to 110°C
2026/07/12 (22:54:51) | WARNING: ROCm SMI: Failed to get PCIe throughput

2026/07/12 (23:44:21) | ===> btop++ v.1.3.2
2026/07/12 (23:44:21) | WARNING: ROCm SMI: Failed to get device name
2026/07/12 (23:44:21) | WARNING: ROCm SMI: Failed to get maximum GPU temperature, defaulting to 110°C
2026/07/12 (23:44:21) | WARNING: ROCm SMI: Failed to get PCIe throughput

2026/07/13 (09:54:15) | ===> btop++ v.1.3.2
2026/07/13 (09:54:15) | WARNING: ROCm SMI: Failed to get device name
2026/07/13 (09:54:15) | WARNING: ROCm SMI: Failed to get maximum GPU temperature, defaulting to 110°C
2026/07/13 (09:54:15) | WARNING: ROCm SMI: Failed to get PCIe throughput

2026/07/17 (00:04:07) | ===> btop++ v.1.3.2
2026/07/17 (00:04:07) | WARNING: ROCm SMI: Failed to get device name
2026/07/17 (00:04:07) | WARNING: ROCm SMI: Failed to get maximum GPU temperature, defaulting to 110°C
2026/07/17 (00:04:07) | WARNING: ROCm SMI: Failed to get PCIe throughput

2026/07/17 (10:35:09) | ===> btop++ v.1.3.2
2026/07/17 (10:35:09) | WARNING: ROCm SMI: Failed to get device name
2026/07/17 (10:35:09) | WARNING: ROCm SMI: Failed to get maximum GPU temperature, defaulting to 110°C
2026/07/17 (10:35:09) | WARNING: ROCm SMI: Failed to get PCIe throughput

2026/07/17 (10:45:51) | ===> btop++ v.1.3.2
2026/07/17 (10:45:51) | WARNING: ROCm SMI: Failed to get device name
2026/07/17 (10:45:51) | WARNING: ROCm SMI: Failed to get maximum GPU temperature, defaulting to 110°C
2026/07/17 (10:45:51) | WARNING: ROCm SMI: Failed to get PCIe throughput
2026/07/17 (10:49:04) | WARNING: Failed to join _runner thread on exit!

2026/07/17 (10:49:06) | ===> btop++ v.1.3.2
2026/07/17 (10:49:06) | WARNING: ROCm SMI: Failed to get device name
2026/07/17 (10:49:06) | WARNING: ROCm SMI: Failed to get maximum GPU temperature, defaulting to 110°C
2026/07/17 (10:49:06) | WARNING: ROCm SMI: Failed to get PCIe throughput
2026/07/17 (10:51:25) | ERROR: Invalid hex value: #165daf
2026/07/17 (10:51:30) | WARNING: Failed to join _runner thread on exit!

2026/07/17 (10:51:31) | ===> btop++ v.1.3.2
2026/07/17 (10:51:31) | WARNING: ROCm SMI: Failed to get device name
2026/07/17 (10:51:31) | WARNING: ROCm SMI: Failed to get maximum GPU temperature, defaulting to 110°C
2026/07/17 (10:51:31) | WARNING: ROCm SMI: Failed to get PCIe throughput
2026/07/17 (10:51:31) | ERROR: Invalid hex value: #165daf
2026/07/17 (10:51:34) | WARNING: Failed to join _runner thread on exit!

2026/07/17 (10:51:37) | ===> btop++ v.1.3.2
2026/07/17 (10:51:37) | WARNING: ROCm SMI: Failed to get device name
2026/07/17 (10:51:37) | WARNING: ROCm SMI: Failed to get maximum GPU temperature, defaulting to 110°C
2026/07/17 (10:51:37) | WARNING: ROCm SMI: Failed to get PCIe throughput
2026/07/17 (10:51:37) | ERROR: Invalid hex value: #165daf
2026/07/17 (10:51:39) | ERROR: Invalid hex value: #165daf
2026/07/17 (10:51:47) | ERROR: Invalid hex value: #165daf
2026/07/17 (10:53:08) | ERROR: Invalid hex value: #165daf
2026/07/17 (10:54:20) | ERROR: Invalid hex value: #165daf
2026/07/17 (10:55:08) | ERROR: Invalid hex value: #165daf
2026/07/17 (10:56:14) | WARNING: Failed to join _runner thread on exit!

2026/07/17 (10:56:15) | ===> btop++ v.1.3.2
2026/07/17 (10:56:15) | WARNING: ROCm SMI: Failed to get device name
2026/07/17 (10:56:15) | WARNING: ROCm SMI: Failed to get maximum GPU temperature, defaulting to 110°C
2026/07/17 (10:56:15) | WARNING: ROCm SMI: Failed to get PCIe throughput
2026/07/17 (10:56:15) | ERROR: Invalid hex value: #165daf
2026/07/17 (10:57:10) | WARNING: Failed to join _runner thread on exit!

2026/07/17 (10:57:11) | ===> btop++ v.1.3.2
2026/07/17 (10:57:11) | WARNING: ROCm SMI: Failed to get device name
2026/07/17 (10:57:11) | WARNING: ROCm SMI: Failed to get maximum GPU temperature, defaulting to 110°C
2026/07/17 (10:57:11) | WARNING: ROCm SMI: Failed to get PCIe throughput
2026/07/17 (10:57:11) | ERROR: Invalid hex value: #165daf
2026/07/17 (10:58:15) | WARNING: Failed to join _runner thread on exit!

2026/07/17 (10:58:16) | ===> btop++ v.1.3.2
2026/07/17 (10:58:16) | WARNING: ROCm SMI: Failed to get device name
2026/07/17 (10:58:16) | WARNING: ROCm SMI: Failed to get maximum GPU temperature, defaulting to 110°C
2026/07/17 (10:58:16) | WARNING: ROCm SMI: Failed to get PCIe throughput
2026/07/17 (10:58:16) | ERROR: Invalid hex value: #165daf
2026/07/17 (11:00:44) | ERROR: Invalid hex value: #165daf
2026/07/17 (11:01:25) | WARNING: Failed to join _runner thread on exit!

2026/07/17 (11:01:26) | ===> btop++ v.1.3.2
2026/07/17 (11:01:26) | WARNING: ROCm SMI: Failed to get device name
2026/07/17 (11:01:26) | WARNING: ROCm SMI: Failed to get maximum GPU temperature, defaulting to 110°C
2026/07/17 (11:01:26) | WARNING: ROCm SMI: Failed to get PCIe throughput
2026/07/17 (11:01:26) | ERROR: Invalid hex value: #165daf
2026/07/17 (11:02:24) | ERROR: Invalid hex value: #165daf
2026/07/17 (11:02:38) | WARNING: Failed to join _runner thread on exit!

2026/07/17 (11:02:39) | ===> btop++ v.1.3.2
2026/07/17 (11:02:39) | WARNING: ROCm SMI: Failed to get device name
2026/07/17 (11:02:39) | WARNING: ROCm SMI: Failed to get maximum GPU temperature, defaulting to 110°C
2026/07/17 (11:02:39) | WARNING: ROCm SMI: Failed to get PCIe throughput
2026/07/17 (11:02:39) | ERROR: Invalid hex value: #165daf
2026/07/17 (11:03:22) | WARNING: Failed to join _runner thread on exit!

2026/07/17 (11:03:23) | ===> btop++ v.1.3.2
2026/07/17 (11:03:23) | WARNING: ROCm SMI: Failed to get device name
2026/07/17 (11:03:23) | WARNING: ROCm SMI: Failed to get maximum GPU temperature, defaulting to 110°C
2026/07/17 (11:03:23) | WARNING: ROCm SMI: Failed to get PCIe throughput
2026/07/17 (11:03:23) | ERROR: Invalid hex value: #165daf
2026/07/17 (11:04:09) | WARNING: Failed to join _runner thread on exit!

2026/07/17 (11:04:13) | ===> btop++ v.1.3.2
2026/07/17 (11:04:13) | WARNING: ROCm SMI: Failed to get device name
2026/07/17 (11:04:13) | WARNING: ROCm SMI: Failed to get maximum GPU temperature, defaulting to 110°C
2026/07/17 (11:04:13) | WARNING: ROCm SMI: Failed to get PCIe throughput
2026/07/17 (11:04:13) | ERROR: Invalid hex value: #165daf
2026/07/17 (11:05:10) | ERROR: Invalid hex value: #165daf
2026/07/17 (11:05:41) | WARNING: Failed to join _runner thread on exit!

2026/07/17 (11:05:42) | ===> btop++ v.1.3.2
2026/07/17 (11:05:42) | WARNING: ROCm SMI: Failed to get device name
2026/07/17 (11:05:42) | WARNING: ROCm SMI: Failed to get maximum GPU temperature, defaulting to 110°C
2026/07/17 (11:05:42) | WARNING: ROCm SMI: Failed to get PCIe throughput
2026/07/17 (11:05:42) | ERROR: Invalid hex value: #1c75dc
2026/07/17 (11:06:20) | WARNING: Failed to join _runner thread on exit!

2026/07/17 (11:06:20) | ===> btop++ v.1.3.2
2026/07/17 (11:06:20) | WARNING: ROCm SMI: Failed to get device name
2026/07/17 (11:06:20) | WARNING: ROCm SMI: Failed to get maximum GPU temperature, defaulting to 110°C
2026/07/17 (11:06:20) | WARNING: ROCm SMI: Failed to get PCIe throughput
2026/07/17 (11:06:20) | ERROR: Invalid hex value: #1c75dc
2026/07/17 (11:06:58) | WARNING: Failed to join _runner thread on exit!

2026/07/17 (11:06:59) | ===> btop++ v.1.3.2
2026/07/17 (11:06:59) | WARNING: ROCm SMI: Failed to get device name
2026/07/17 (11:06:59) | WARNING: ROCm SMI: Failed to get maximum GPU temperature, defaulting to 110°C
2026/07/17 (11:06:59) | WARNING: ROCm SMI: Failed to get PCIe throughput
2026/07/17 (11:06:59) | ERROR: Invalid hex value: #1c75dc
2026/07/17 (11:07:09) | WARNING: Failed to join _runner thread on exit!

2026/07/17 (11:07:11) | ===> btop++ v.1.3.2
2026/07/17 (11:07:11) | WARNING: ROCm SMI: Failed to get device name
2026/07/17 (11:07:11) | WARNING: ROCm SMI: Failed to get maximum GPU temperature, defaulting to 110°C
2026/07/17 (11:07:11) | WARNING: ROCm SMI: Failed to get PCIe throughput
2026/07/17 (11:07:11) | ERROR: Invalid hex value: #1c75dc
2026/07/17 (11:08:50) | WARNING: Failed to join _runner thread on exit!

2026/07/17 (11:08:51) | ===> btop++ v.1.3.2
2026/07/17 (11:08:51) | WARNING: ROCm SMI: Failed to get device name
2026/07/17 (11:08:51) | WARNING: ROCm SMI: Failed to get maximum GPU temperature, defaulting to 110°C
2026/07/17 (11:08:51) | WARNING: ROCm SMI: Failed to get PCIe throughput
2026/07/17 (11:08:51) | ERROR: Invalid hex value: #1c75dc
2026/07/17 (11:09:36) | WARNING: Failed to join _runner thread on exit!

2026/07/17 (11:09:37) | ===> btop++ v.1.3.2
2026/07/17 (11:09:37) | WARNING: ROCm SMI: Failed to get device name
2026/07/17 (11:09:37) | WARNING: ROCm SMI: Failed to get maximum GPU temperature, defaulting to 110°C
2026/07/17 (11:09:37) | WARNING: ROCm SMI: Failed to get PCIe throughput
2026/07/17 (11:09:37) | ERROR: Invalid hex value: #1c75dc
2026/07/17 (11:12:08) | WARNING: Failed to join _runner thread on exit!

2026/07/17 (11:12:09) | ===> btop++ v.1.3.2
2026/07/17 (11:12:09) | WARNING: ROCm SMI: Failed to get device name
2026/07/17 (11:12:09) | WARNING: ROCm SMI: Failed to get maximum GPU temperature, defaulting to 110°C
2026/07/17 (11:12:09) | WARNING: ROCm SMI: Failed to get PCIe throughput
2026/07/17 (11:12:09) | ERROR: Invalid hex value: #1c75dc
2026/07/17 (11:12:48) | WARNING: Failed to join _runner thread on exit!

2026/07/17 (11:12:49) | ===> btop++ v.1.3.2
2026/07/17 (11:12:49) | WARNING: ROCm SMI: Failed to get device name
2026/07/17 (11:12:49) | WARNING: ROCm SMI: Failed to get maximum GPU temperature, defaulting to 110°C
2026/07/17 (11:12:49) | WARNING: ROCm SMI: Failed to get PCIe throughput
2026/07/17 (11:12:49) | ERROR: Invalid hex value: #1c75dc
2026/07/17 (11:13:33) | WARNING: Failed to join _runner thread on exit!

2026/07/17 (11:13:33) | ===> btop++ v.1.3.2
2026/07/17 (11:13:33) | WARNING: ROCm SMI: Failed to get device name
2026/07/17 (11:13:33) | WARNING: ROCm SMI: Failed to get maximum GPU temperature, defaulting to 110°C
2026/07/17 (11:13:33) | WARNING: ROCm SMI: Failed to get PCIe throughput
2026/07/17 (11:13:33) | ERROR: Invalid hex value: #1c75dc
2026/07/17 (11:14:44) | WARNING: Failed to join _runner thread on exit!

2026/07/17 (11:14:45) | ===> btop++ v.1.3.2
2026/07/17 (11:14:45) | WARNING: ROCm SMI: Failed to get device name
2026/07/17 (11:14:45) | WARNING: ROCm SMI: Failed to get maximum GPU temperature, defaulting to 110°C
2026/07/17 (11:14:45) | WARNING: ROCm SMI: Failed to get PCIe throughput
2026/07/17 (11:14:45) | ERROR: Invalid hex value: #1c75dc
2026/07/17 (11:15:22) | WARNING: Failed to join _runner thread on exit!

2026/07/17 (11:15:23) | ===> btop++ v.1.3.2
2026/07/17 (11:15:23) | WARNING: ROCm SMI: Failed to get device name
2026/07/17 (11:15:23) | WARNING: ROCm SMI: Failed to get maximum GPU temperature, defaulting to 110°C
2026/07/17 (11:15:23) | WARNING: ROCm SMI: Failed to get PCIe throughput
2026/07/17 (11:15:23) | ERROR: Invalid hex value: #1c75dc
2026/07/17 (11:17:35) | ERROR: Invalid hex value: #1c75dc
2026/07/17 (11:18:16) | ERROR: Invalid hex value: #1c75dc
2026/07/17 (11:19:06) | ERROR: Invalid hex value: #1c75dc

2026/07/17 (11:19:18) | ===> btop++ v.1.3.2
2026/07/17 (11:19:18) | WARNING: ROCm SMI: Failed to get device name
2026/07/17 (11:19:18) | WARNING: ROCm SMI: Failed to get maximum GPU temperature, defaulting to 110°C
2026/07/17 (11:19:18) | WARNING: ROCm SMI: Failed to get PCIe throughput
2026/07/17 (11:19:18) | ERROR: Invalid hex value: #1c75dc
2026/07/17 (11:19:27) | ERROR: Invalid hex value: #1c75dc
2026/07/17 (11:20:08) | WARNING: Failed to join _runner thread on exit!

2026/07/17 (11:20:08) | ===> btop++ v.1.3.2
2026/07/17 (11:20:08) | WARNING: ROCm SMI: Failed to get device name
2026/07/17 (11:20:08) | WARNING: ROCm SMI: Failed to get maximum GPU temperature, defaulting to 110°C
2026/07/17 (11:20:08) | WARNING: ROCm SMI: Failed to get PCIe throughput
2026/07/17 (11:20:08) | ERROR: Invalid hex value: #1c75dc
2026/07/17 (11:21:11) | ERROR: Invalid hex value: #1c75dc
2026/07/17 (11:24:09) | ERROR: Invalid hex value: #1c75dc
2026/07/17 (11:24:20) | WARNING: Failed to join _runner thread on exit!

2026/07/17 (11:25:57) | ===> btop++ v.1.3.2
2026/07/17 (11:25:57) | WARNING: ROCm SMI: Failed to get device name
2026/07/17 (11:25:57) | WARNING: ROCm SMI: Failed to get maximum GPU temperature, defaulting to 110°C
2026/07/17 (11:25:57) | WARNING: ROCm SMI: Failed to get PCIe throughput
2026/07/17 (11:25:57) | ERROR: Invalid hex value: #1c75dc

2026/07/18 (11:45:52) | ===> btop++ v.1.3.2
2026/07/18 (11:45:52) | WARNING: ROCm SMI: Failed to get device name
2026/07/18 (11:45:52) | WARNING: ROCm SMI: Failed to get maximum GPU temperature, defaulting to 110°C
2026/07/18 (11:45:52) | WARNING: ROCm SMI: Failed to get PCIe throughput
2026/07/18 (11:45:52) | ERROR: Invalid hex value: #1c75dc
2026/07/18 (11:48:21) | ERROR: Invalid hex value: #1c75dc
2026/07/18 (11:49:37) | ERROR: Invalid hex value: #1c75dc
2026/07/18 (11:50:12) | ERROR: Invalid hex value: #1c75dc
2026/07/18 (11:51:20) | ERROR: Invalid hex value: #1c75dc
2026/07/18 (11:52:46) | ERROR: Invalid hex value: #1c75dc
2026/07/18 (11:54:07) | ERROR: Invalid hex value: #1c75dc
2026/07/18 (11:54:36) | ERROR: Invalid hex value: #1c75dc

2026/07/18 (11:54:38) | ===> btop++ v.1.3.2
2026/07/18 (11:54:38) | WARNING: ROCm SMI: Failed to get device name
2026/07/18 (11:54:38) | WARNING: ROCm SMI: Failed to get maximum GPU temperature, defaulting to 110°C
2026/07/18 (11:54:38) | WARNING: ROCm SMI: Failed to get PCIe throughput
2026/07/18 (11:54:38) | ERROR: Invalid hex value: #1c75dc
2026/07/18 (12:01:01) | WARNING: Failed to join _runner thread on exit!

2026/07/18 (12:01:02) | ===> btop++ v.1.3.2
2026/07/18 (12:01:02) | WARNING: ROCm SMI: Failed to get device name
2026/07/18 (12:01:02) | WARNING: ROCm SMI: Failed to get maximum GPU temperature, defaulting to 110°C
2026/07/18 (12:01:02) | WARNING: ROCm SMI: Failed to get PCIe throughput
2026/07/18 (12:01:06) | ERROR: Invalid hex value: #1c75dc
2026/07/18 (12:01:43) | WARNING: Failed to join _runner thread on exit!

2026/07/18 (12:01:44) | ===> btop++ v.1.3.2
2026/07/18 (12:01:44) | WARNING: ROCm SMI: Failed to get device name
2026/07/18 (12:01:44) | WARNING: ROCm SMI: Failed to get maximum GPU temperature, defaulting to 110°C
2026/07/18 (12:01:44) | WARNING: ROCm SMI: Failed to get PCIe throughput
2026/07/18 (12:01:44) | ERROR: Invalid hex value: #1c75dc
2026/07/18 (12:01:58) | WARNING: Failed to join _runner thread on exit!

2026/07/18 (12:01:59) | ===> btop++ v.1.3.2
2026/07/18 (12:01:59) | WARNING: ROCm SMI: Failed to get device name
2026/07/18 (12:01:59) | WARNING: ROCm SMI: Failed to get maximum GPU temperature, defaulting to 110°C
2026/07/18 (12:01:59) | WARNING: ROCm SMI: Failed to get PCIe throughput
2026/07/18 (12:01:59) | ERROR: Invalid hex value: #1c75dc

2026/07/18 (12:04:25) | ===> btop++ v.1.3.2
2026/07/18 (12:04:25) | WARNING: ROCm SMI: Failed to get device name
2026/07/18 (12:04:25) | WARNING: ROCm SMI: Failed to get maximum GPU temperature, defaulting to 110°C
2026/07/18 (12:04:25) | WARNING: ROCm SMI: Failed to get PCIe throughput

2026/07/18 (13:22:36) | ===> btop++ v.1.3.2
2026/07/18 (13:22:36) | WARNING: ROCm SMI: Failed to get device name
2026/07/18 (13:22:36) | WARNING: ROCm SMI: Failed to get maximum GPU temperature, defaulting to 110°C
2026/07/18 (13:22:36) | WARNING: ROCm SMI: Failed to get PCIe throughput

2026/07/18 (18:56:47) | ===> btop++ v.1.3.2
2026/07/18 (18:56:47) | WARNING: ROCm SMI: Failed to get device name
2026/07/18 (18:56:47) | WARNING: ROCm SMI: Failed to get maximum GPU temperature, defaulting to 110°C
2026/07/18 (18:56:47) | WARNING: ROCm SMI: Failed to get PCIe throughput
2026/07/18 (19:00:23) | WARNING: Failed to join _runner thread on exit!

2026/07/18 (19:00:31) | ===> btop++ v.1.3.2
2026/07/18 (19:00:31) | WARNING: ROCm SMI: Failed to get device name
2026/07/18 (19:00:31) | WARNING: ROCm SMI: Failed to get maximum GPU temperature, defaulting to 110°C
2026/07/18 (19:00:31) | WARNING: ROCm SMI: Failed to get PCIe throughput
2026/07/18 (19:03:07) | ERROR: Exception during Config::unlock() : unordered_map::at

2026/07/18 (19:55:40) | ===> btop++ v.1.3.2
2026/07/18 (19:55:40) | WARNING: ROCm SMI: Failed to get device name
2026/07/18 (19:55:40) | WARNING: ROCm SMI: Failed to get maximum GPU temperature, defaulting to 110°C
2026/07/18 (19:55:40) | WARNING: ROCm SMI: Failed to get PCIe throughput
2026/07/18 (19:56:16) | WARNING: Failed to join _runner thread on exit!

2026/07/19 (10:38:08) | ===> btop++ v.1.3.2
2026/07/19 (10:38:08) | WARNING: ROCm SMI: Failed to get device name
2026/07/19 (10:38:08) | WARNING: ROCm SMI: Failed to get maximum GPU temperature, defaulting to 110°C
2026/07/19 (10:38:08) | WARNING: ROCm SMI: Failed to get PCIe throughput

2026/07/19 (23:06:47) | ===> btop++ v.1.3.2
2026/07/19 (23:06:47) | WARNING: ROCm SMI: Failed to get device name
2026/07/19 (23:06:47) | WARNING: ROCm SMI: Failed to get maximum GPU temperature, defaulting to 110°C
2026/07/19 (23:06:47) | WARNING: ROCm SMI: Failed to get PCIe throughput

2026/07/19 (23:36:51) | ===> btop++ v.1.3.2
2026/07/19 (23:36:51) | WARNING: ROCm SMI: Failed to get device name
2026/07/19 (23:36:51) | WARNING: ROCm SMI: Failed to get maximum GPU temperature, defaulting to 110°C
2026/07/19 (23:36:51) | WARNING: ROCm SMI: Failed to get PCIe throughput

2026/07/19 (23:44:13) | ===> btop++ v.1.3.2
2026/07/19 (23:44:13) | WARNING: ROCm SMI: Failed to get device name
2026/07/19 (23:44:13) | WARNING: ROCm SMI: Failed to get maximum GPU temperature, defaulting to 110°C
2026/07/19 (23:44:13) | WARNING: ROCm SMI: Failed to get PCIe throughput
2026/07/19 (23:44:21) | WARNING: Failed to join _runner thread on exit!

2026/07/19 (23:44:31) | ===> btop++ v.1.3.2
2026/07/19 (23:44:31) | WARNING: ROCm SMI: Failed to get device name
2026/07/19 (23:44:31) | WARNING: ROCm SMI: Failed to get maximum GPU temperature, defaulting to 110°C
2026/07/19 (23:44:31) | WARNING: ROCm SMI: Failed to get PCIe throughput

2026/07/19 (23:44:32) | ===> btop++ v.1.3.2
2026/07/19 (23:44:32) | WARNING: ROCm SMI: Failed to get device name
2026/07/19 (23:44:32) | WARNING: ROCm SMI: Failed to get maximum GPU temperature, defaulting to 110°C
2026/07/19 (23:44:32) | WARNING: ROCm SMI: Failed to get PCIe throughput

2026/07/19 (23:44:34) | ===> btop++ v.1.3.2
2026/07/19 (23:44:34) | WARNING: ROCm SMI: Failed to get device name
2026/07/19 (23:44:34) | WARNING: ROCm SMI: Failed to get maximum GPU temperature, defaulting to 110°C
2026/07/19 (23:44:34) | WARNING: ROCm SMI: Failed to get PCIe throughput
2026/07/19 (23:44:39) | WARNING: Failed to join _runner thread on exit!
2026/07/19 (23:44:42) | WARNING: Failed to join _runner thread on exit!

2026/07/20 (10:32:32) | ===> btop++ v.1.3.2
2026/07/20 (10:32:32) | WARNING: ROCm SMI: Failed to get device name
2026/07/20 (10:32:32) | WARNING: ROCm SMI: Failed to get maximum GPU temperature, defaulting to 110°C
2026/07/20 (10:32:32) | WARNING: ROCm SMI: Failed to get PCIe throughput

2026/07/24 (10:11:44) | ===> btop++ v.1.3.2
2026/07/24 (10:11:44) | WARNING: ROCm SMI: Failed to get device name
2026/07/24 (10:11:44) | WARNING: ROCm SMI: Failed to get maximum GPU temperature, defaulting to 110°C
2026/07/24 (10:11:44) | WARNING: ROCm SMI: Failed to get PCIe throughput
