[2026-06-18 00:30:00.954] [info]  [Motrix] Logger init
[2026-06-18 00:30:00.958] [warn]  [Motrix] Logger init
[2026-06-18 00:30:01.051] [info]  [Motrix] openedAtLogin: false
[2026-06-18 00:30:01.229] [info]  [Motrix] Context.init===> {
  platform: 'linux',
  arch: 'x64',
  'log-path': '/home/ariel/.config/Motrix/logs',
  'session-path': '/home/ariel/.config/Motrix/download.session',
  'engine-path': '/tmp/.mount_Motrix7AQigj/resources/engine',
  'aria2-bin-path': '/tmp/.mount_Motrix7AQigj/resources/engine/aria2c',
  'aria2-conf-path': '/tmp/.mount_Motrix7AQigj/resources/engine/aria2.conf'
}
[2026-06-18 00:30:02.697] [warn]  [Motrix] auto sync tracker data: [
  'udp://93.158.213.92:1337/announce\n' +
    '\n' +
    'udp://93.158.213.92:6969/announce\n' +
    '\n' +
    'udp://185.121.168.96:1337/announce\n' +
    '\n' +
    'udp://185.243.218.213:80/announce\n' +
    '\n' +
    'udp://163.5.63.253:6990/announce\n' +
    '\n' +
    'udp://164.152.110.70:6969/announce\n' +
    '\n' +
    'udp://91.216.110.53:451/announce\n' +
    '\n' +
    'udp://107.189.7.165:6969/announce\n' +
    '\n' +
    'udp://43.250.54.126:6969/announce\n' +
    '\n' +
    'udp://81.230.84.201:6969/announce\n' +
    '\n' +
    'udp://37.120.182.83:1984/announce\n' +
    '\n' +
    'udp://34.66.57.33:80/announce\n' +
    '\n' +
    'udp://34.66.57.33:1337/announce\n' +
    '\n' +
    'udp://192.3.130.53:1337/announce\n' +
    '\n' +
    'udp://109.201.134.183:80/announce\n' +
    '\n' +
    'udp://185.146.233.150:6969/announce\n' +
    '\n' +
    'udp://87.106.210.134:6969/announce\n' +
    '\n' +
    'udp://152.53.194.103:54123/announce\n' +
    '\n' +
    'udp://152.249.97.82:6969/announce\n' +
    '\n' +
    'udp://83.102.180.21:80/announce\n' +
    '\n',
  'udp://zer0day.ch:1337/announce\n' +
    '\n' +
    'udp://tracker.publictracker.xyz:6969/announce\n' +
    '\n' +
    'udp://tracker.opentrackr.org:1337/announce\n' +
    '\n' +
    'udp://open.demonii.com:1337/announce\n' +
    '\n' +
    'udp://open.stealth.si:80/announce\n' +
    '\n' +
    'udp://yuptracker-eu.gaijinent.com:27022/announce\n' +
    '\n' +
    'udp://tracker.wildkat.net:6969/announce\n' +
    '\n' +
    'udp://tracker.tryhackx.org:6969/announce\n' +
    '\n' +
    'udp://tracker.torrent.eu.org:451/announce\n' +
    '\n' +
    'udp://tracker.t-1.org:6969/announce\n' +
    '\n' +
    'udp://tracker.qu.ax:6969/announce\n' +
    '\n' +
    'udp://tracker.opentorrent.top:6969/announce\n' +
    '\n' +
    'udp://tracker.gmi.gd:6969/announce\n' +
    '\n' +
    'udp://tracker.ducks.party:1984/announce\n' +
    '\n' +
    'udp://tracker.corpscorp.online:80/announce\n' +
    '\n' +
    'udp://tracker.bittor.pw:1337/announce\n' +
    '\n' +
    'udp://tracker.auctor.tv:6969/announce\n' +
    '\n' +
    'udp://tracker.004430.xyz:1337/announce\n' +
    '\n' +
    'udp://tracker-udp.gbitt.info:80/announce\n' +
    '\n' +
    'udp://tr4ck3r.duckdns.org:6969/announce\n' +
    '\n'
]
[2026-06-18 00:30:03.063] [warn]  [Motrix] UPnPManager map 21301 failed, error:  UPnP port mapping failed
[2026-06-18 00:30:03.064] [warn]  [Motrix] UPnPManager map 26701 failed, error:  UPnP port mapping failed
[2026-06-18 00:30:22.530] [info]  [Motrix] Logger init
[2026-06-18 00:30:22.534] [warn]  [Motrix] Logger init
[2026-06-20 11:06:28.323] [info]  [Motrix] Logger init
[2026-06-20 11:06:28.328] [warn]  [Motrix] Logger init
[2026-06-20 11:06:28.422] [info]  [Motrix] handleAppLaunchArgv: [ '/tmp/.mount_motrixbrFmay/motrix', '--no-sandbox' ]
[2026-06-20 11:06:28.424] [info]  [Motrix] split argv args: [ '/tmp/.mount_motrixbrFmay/motrix' ]
[2026-06-20 11:06:28.424] [info]  [Motrix] split argv extra: { '--no-sandbox': '1' }
[2026-06-20 11:06:28.424] [info]  [Motrix] openedAtLogin: false
[2026-06-20 11:06:28.607] [info]  [Motrix] Context.init===> {
  platform: 'linux',
  arch: 'x64',
  'log-path': '/home/ariel/.config/Motrix/logs',
  'session-path': '/home/ariel/.config/Motrix/download.session',
  'engine-path': '/tmp/.mount_motrixbrFmay/resources/engine',
  'aria2-bin-path': '/tmp/.mount_motrixbrFmay/resources/engine/aria2c',
  'aria2-conf-path': '/tmp/.mount_motrixbrFmay/resources/engine/aria2.conf'
}
[2026-06-20 11:06:30.497] [warn]  [Motrix] UPnPManager map 21301 failed, error:  UPnP port mapping failed
[2026-06-20 11:06:30.497] [warn]  [Motrix] UPnPManager map 26701 failed, error:  UPnP port mapping failed
[2026-06-20 11:06:30.684] [warn]  [Motrix] auto sync tracker data: [
  'udp://93.158.213.92:6969/announce\n' +
    '\n' +
    'udp://185.121.168.96:1337/announce\n' +
    '\n' +
    'udp://185.243.218.213:80/announce\n' +
    '\n' +
    'udp://211.75.205.188:80/announce\n' +
    '\n' +
    'udp://91.216.110.53:451/announce\n' +
    '\n' +
    'udp://43.250.54.126:6969/announce\n' +
    '\n' +
    'udp://211.75.210.221:6969/announce\n' +
    '\n' +
    'udp://34.66.57.33:80/announce\n' +
    '\n' +
    'udp://34.66.57.33:1337/announce\n' +
    '\n' +
    'udp://192.3.130.53:1337/announce\n' +
    '\n' +
    'udp://109.201.134.183:80/announce\n' +
    '\n' +
    'udp://87.106.210.134:6969/announce\n' +
    '\n' +
    'udp://152.53.194.103:54123/announce\n' +
    '\n' +
    'udp://152.249.97.82:6969/announce\n' +
    '\n' +
    'udp://83.102.180.21:80/announce\n' +
    '\n' +
    'udp://23.157.120.14:6969/announce\n' +
    '\n' +
    'udp://51.222.82.36:6969/announce\n' +
    '\n' +
    'udp://94.23.207.177:6969/announce\n' +
    '\n' +
    'udp://74.119.149.136:6969/announce\n' +
    '\n' +
    'udp://107.189.2.131:1337/announce\n' +
    '\n',
  'udp://tracker.publictracker.xyz:6969/announce\n' +
    '\n' +
    'udp://tracker.opentrackr.org:1337/announce\n' +
    '\n' +
    'udp://open.demonii.com:1337/announce\n' +
    '\n' +
    'udp://open.stealth.si:80/announce\n' +
    '\n' +
    'udp://tracker2.dler.org:80/announce\n' +
    '\n' +
    'udp://tracker.tryhackx.org:6969/announce\n' +
    '\n' +
    'udp://tracker.torrent.eu.org:451/announce\n' +
    '\n' +
    'udp://tracker.qu.ax:6969/announce\n' +
    '\n' +
    'udp://tracker.dler.org:6969/announce\n' +
    '\n' +
    'udp://tracker.corpscorp.online:80/announce\n' +
    '\n' +
    'udp://tracker.bittor.pw:1337/announce\n' +
    '\n' +
    'udp://tracker.auctor.tv:6969/announce\n' +
    '\n' +
    'udp://tracker.004430.xyz:1337/announce\n' +
    '\n' +
    'udp://tracker-udp.gbitt.info:80/announce\n' +
    '\n' +
    'udp://torrents.tmtime.dev:6969/announce\n' +
    '\n' +
    'udp://torrentclub.online:54123/announce\n' +
    '\n' +
    'udp://t.overflow.biz:6969/announce\n' +
    '\n' +
    'udp://retracker01-msk-virt.corbina.net:80/announce\n' +
    '\n' +
    'udp://open.demonoid.ch:6969/announce\n' +
    '\n' +
    'udp://ns575949.ip-51-222-82.net:6969/announce\n' +
    '\n'
]
[2026-06-20 11:08:46.179] [error] [Motrix] Uncaught exception: write EPIPE
[2026-06-20 11:08:46.179] [error] Error: write EPIPE
    at afterWriteDispatched (node:internal/stream_base_commons:160:15)
    at writeGeneric (node:internal/stream_base_commons:151:3)
    at Socket._writeGeneric (node:net:874:11)
    at Socket._write (node:net:886:8)
    at writeOrBuffer (node:internal/streams/writable:391:12)
    at _write (node:internal/streams/writable:332:10)
    at Writable.write (node:internal/streams/writable:336:10)
    at console.value (node:internal/console/constructor:299:16)
    at console.log (node:internal/console/constructor:376:26)
    at /tmp/.mount_motrixbrFmay/resources/app.asar/dist/electron/main.js:9:87754
[2026-06-20 11:08:47.141] [error] [Motrix] Uncaught exception: write EPIPE
[2026-06-20 11:08:47.141] [error] Error: write EPIPE
    at afterWriteDispatched (node:internal/stream_base_commons:160:15)
    at writeGeneric (node:internal/stream_base_commons:151:3)
    at Socket._writeGeneric (node:net:874:11)
    at Socket._write (node:net:886:8)
    at writeOrBuffer (node:internal/streams/writable:391:12)
    at _write (node:internal/streams/writable:332:10)
    at Writable.write (node:internal/streams/writable:336:10)
    at console.value (node:internal/console/constructor:299:16)
    at console.log (node:internal/console/constructor:376:26)
    at /tmp/.mount_motrixbrFmay/resources/app.asar/dist/electron/main.js:9:87754
[2026-06-20 11:08:47.733] [error] [Motrix] Uncaught exception: write EPIPE
[2026-06-20 11:08:47.733] [error] Error: write EPIPE
    at afterWriteDispatched (node:internal/stream_base_commons:160:15)
    at writeGeneric (node:internal/stream_base_commons:151:3)
    at Socket._writeGeneric (node:net:874:11)
    at Socket._write (node:net:886:8)
    at writeOrBuffer (node:internal/streams/writable:391:12)
    at _write (node:internal/streams/writable:332:10)
    at Writable.write (node:internal/streams/writable:336:10)
    at console.value (node:internal/console/constructor:299:16)
    at console.warn (node:internal/console/constructor:381:26)
    at /tmp/.mount_motrixbrFmay/resources/app.asar/dist/electron/main.js:9:87754
[2026-06-20 11:08:48.189] [error] [Motrix] Uncaught exception: write EPIPE
[2026-06-20 11:08:48.189] [error] Error: write EPIPE
    at afterWriteDispatched (node:internal/stream_base_commons:160:15)
    at writeGeneric (node:internal/stream_base_commons:151:3)
    at Socket._writeGeneric (node:net:874:11)
    at Socket._write (node:net:886:8)
    at writeOrBuffer (node:internal/streams/writable:391:12)
    at _write (node:internal/streams/writable:332:10)
    at Writable.write (node:internal/streams/writable:336:10)
    at console.value (node:internal/console/constructor:299:16)
    at console.warn (node:internal/console/constructor:381:26)
    at /tmp/.mount_motrixbrFmay/resources/app.asar/dist/electron/main.js:9:87754
[2026-06-20 11:08:48.405] [error] [Motrix] Uncaught exception: write EPIPE
[2026-06-20 11:08:48.405] [error] Error: write EPIPE
    at afterWriteDispatched (node:internal/stream_base_commons:160:15)
    at writeGeneric (node:internal/stream_base_commons:151:3)
    at Socket._writeGeneric (node:net:874:11)
    at Socket._write (node:net:886:8)
    at writeOrBuffer (node:internal/streams/writable:391:12)
    at _write (node:internal/streams/writable:332:10)
    at Writable.write (node:internal/streams/writable:336:10)
    at console.value (node:internal/console/constructor:299:16)
    at console.warn (node:internal/console/constructor:381:26)
    at /tmp/.mount_motrixbrFmay/resources/app.asar/dist/electron/main.js:9:87754
[2026-06-20 11:08:48.581] [error] [Motrix] Uncaught exception: write EPIPE
[2026-06-20 11:08:48.581] [error] Error: write EPIPE
    at afterWriteDispatched (node:internal/stream_base_commons:160:15)
    at writeGeneric (node:internal/stream_base_commons:151:3)
    at Socket._writeGeneric (node:net:874:11)
    at Socket._write (node:net:886:8)
    at writeOrBuffer (node:internal/streams/writable:391:12)
    at _write (node:internal/streams/writable:332:10)
    at Writable.write (node:internal/streams/writable:336:10)
    at console.value (node:internal/console/constructor:299:16)
    at console.warn (node:internal/console/constructor:381:26)
    at /tmp/.mount_motrixbrFmay/resources/app.asar/dist/electron/main.js:9:87754
[2026-06-20 11:08:48.757] [error] [Motrix] Uncaught exception: write EPIPE
[2026-06-20 11:08:48.757] [error] Error: write EPIPE
    at afterWriteDispatched (node:internal/stream_base_commons:160:15)
    at writeGeneric (node:internal/stream_base_commons:151:3)
    at Socket._writeGeneric (node:net:874:11)
    at Socket._write (node:net:886:8)
    at writeOrBuffer (node:internal/streams/writable:391:12)
    at _write (node:internal/streams/writable:332:10)
    at Writable.write (node:internal/streams/writable:336:10)
    at console.value (node:internal/console/constructor:299:16)
    at console.warn (node:internal/console/constructor:381:26)
    at /tmp/.mount_motrixbrFmay/resources/app.asar/dist/electron/main.js:9:87754
[2026-06-20 11:08:48.917] [error] [Motrix] Uncaught exception: write EPIPE
[2026-06-20 11:08:48.917] [error] Error: write EPIPE
    at afterWriteDispatched (node:internal/stream_base_commons:160:15)
    at writeGeneric (node:internal/stream_base_commons:151:3)
    at Socket._writeGeneric (node:net:874:11)
    at Socket._write (node:net:886:8)
    at writeOrBuffer (node:internal/streams/writable:391:12)
    at _write (node:internal/streams/writable:332:10)
    at Writable.write (node:internal/streams/writable:336:10)
    at console.value (node:internal/console/constructor:299:16)
    at console.warn (node:internal/console/constructor:381:26)
    at /tmp/.mount_motrixbrFmay/resources/app.asar/dist/electron/main.js:9:87754
[2026-06-20 11:08:49.069] [error] [Motrix] Uncaught exception: write EPIPE
[2026-06-20 11:08:49.069] [error] Error: write EPIPE
    at afterWriteDispatched (node:internal/stream_base_commons:160:15)
    at writeGeneric (node:internal/stream_base_commons:151:3)
    at Socket._writeGeneric (node:net:874:11)
    at Socket._write (node:net:886:8)
    at writeOrBuffer (node:internal/streams/writable:391:12)
    at _write (node:internal/streams/writable:332:10)
    at Writable.write (node:internal/streams/writable:336:10)
    at console.value (node:internal/console/constructor:299:16)
    at console.warn (node:internal/console/constructor:381:26)
    at /tmp/.mount_motrixbrFmay/resources/app.asar/dist/electron/main.js:9:87754
[2026-06-20 11:08:50.916] [error] [Motrix] Uncaught exception: write EPIPE
[2026-06-20 11:08:50.917] [error] Error: write EPIPE
    at afterWriteDispatched (node:internal/stream_base_commons:160:15)
    at writeGeneric (node:internal/stream_base_commons:151:3)
    at Socket._writeGeneric (node:net:874:11)
    at Socket._write (node:net:886:8)
    at writeOrBuffer (node:internal/streams/writable:391:12)
    at _write (node:internal/streams/writable:332:10)
    at Writable.write (node:internal/streams/writable:336:10)
    at console.value (node:internal/console/constructor:299:16)
    at console.warn (node:internal/console/constructor:381:26)
    at /tmp/.mount_motrixbrFmay/resources/app.asar/dist/electron/main.js:9:87754
[2026-06-20 11:08:51.328] [error] [Motrix] Uncaught exception: write EPIPE
[2026-06-20 11:08:51.328] [error] Error: write EPIPE
    at afterWriteDispatched (node:internal/stream_base_commons:160:15)
    at writeGeneric (node:internal/stream_base_commons:151:3)
    at Socket._writeGeneric (node:net:874:11)
    at Socket._write (node:net:886:8)
    at writeOrBuffer (node:internal/streams/writable:391:12)
    at _write (node:internal/streams/writable:332:10)
    at Writable.write (node:internal/streams/writable:336:10)
    at console.value (node:internal/console/constructor:299:16)
    at console.warn (node:internal/console/constructor:381:26)
    at /tmp/.mount_motrixbrFmay/resources/app.asar/dist/electron/main.js:9:87754
[2026-06-20 11:08:51.500] [error] [Motrix] Uncaught exception: write EPIPE
[2026-06-20 11:08:51.501] [error] Error: write EPIPE
    at afterWriteDispatched (node:internal/stream_base_commons:160:15)
    at writeGeneric (node:internal/stream_base_commons:151:3)
    at Socket._writeGeneric (node:net:874:11)
    at Socket._write (node:net:886:8)
    at writeOrBuffer (node:internal/streams/writable:391:12)
    at _write (node:internal/streams/writable:332:10)
    at Writable.write (node:internal/streams/writable:336:10)
    at console.value (node:internal/console/constructor:299:16)
    at console.warn (node:internal/console/constructor:381:26)
    at /tmp/.mount_motrixbrFmay/resources/app.asar/dist/electron/main.js:9:87754
[2026-06-20 11:08:51.660] [error] [Motrix] Uncaught exception: write EPIPE
[2026-06-20 11:08:51.661] [error] Error: write EPIPE
    at afterWriteDispatched (node:internal/stream_base_commons:160:15)
    at writeGeneric (node:internal/stream_base_commons:151:3)
    at Socket._writeGeneric (node:net:874:11)
    at Socket._write (node:net:886:8)
    at writeOrBuffer (node:internal/streams/writable:391:12)
    at _write (node:internal/streams/writable:332:10)
    at Writable.write (node:internal/streams/writable:336:10)
    at console.value (node:internal/console/constructor:299:16)
    at console.warn (node:internal/console/constructor:381:26)
    at /tmp/.mount_motrixbrFmay/resources/app.asar/dist/electron/main.js:9:87754
[2026-06-20 11:08:51.820] [error] [Motrix] Uncaught exception: write EPIPE
[2026-06-20 11:08:51.821] [error] Error: write EPIPE
    at afterWriteDispatched (node:internal/stream_base_commons:160:15)
    at writeGeneric (node:internal/stream_base_commons:151:3)
    at Socket._writeGeneric (node:net:874:11)
    at Socket._write (node:net:886:8)
    at writeOrBuffer (node:internal/streams/writable:391:12)
    at _write (node:internal/streams/writable:332:10)
    at Writable.write (node:internal/streams/writable:336:10)
    at console.value (node:internal/console/constructor:299:16)
    at console.warn (node:internal/console/constructor:381:26)
    at /tmp/.mount_motrixbrFmay/resources/app.asar/dist/electron/main.js:9:87754
[2026-06-20 11:08:51.988] [error] [Motrix] Uncaught exception: write EPIPE
[2026-06-20 11:08:51.989] [error] Error: write EPIPE
    at afterWriteDispatched (node:internal/stream_base_commons:160:15)
    at writeGeneric (node:internal/stream_base_commons:151:3)
    at Socket._writeGeneric (node:net:874:11)
    at Socket._write (node:net:886:8)
    at writeOrBuffer (node:internal/streams/writable:391:12)
    at _write (node:internal/streams/writable:332:10)
    at Writable.write (node:internal/streams/writable:336:10)
    at console.value (node:internal/console/constructor:299:16)
    at console.warn (node:internal/console/constructor:381:26)
    at /tmp/.mount_motrixbrFmay/resources/app.asar/dist/electron/main.js:9:87754
[2026-06-20 11:08:52.156] [error] [Motrix] Uncaught exception: write EPIPE
[2026-06-20 11:08:52.157] [error] Error: write EPIPE
    at afterWriteDispatched (node:internal/stream_base_commons:160:15)
    at writeGeneric (node:internal/stream_base_commons:151:3)
    at Socket._writeGeneric (node:net:874:11)
    at Socket._write (node:net:886:8)
    at writeOrBuffer (node:internal/streams/writable:391:12)
    at _write (node:internal/streams/writable:332:10)
    at Writable.write (node:internal/streams/writable:336:10)
    at console.value (node:internal/console/constructor:299:16)
    at console.warn (node:internal/console/constructor:381:26)
    at /tmp/.mount_motrixbrFmay/resources/app.asar/dist/electron/main.js:9:87754
[2026-06-20 11:08:52.309] [error] [Motrix] Uncaught exception: write EPIPE
[2026-06-20 11:08:52.309] [error] Error: write EPIPE
    at afterWriteDispatched (node:internal/stream_base_commons:160:15)
    at writeGeneric (node:internal/stream_base_commons:151:3)
    at Socket._writeGeneric (node:net:874:11)
    at Socket._write (node:net:886:8)
    at writeOrBuffer (node:internal/streams/writable:391:12)
    at _write (node:internal/streams/writable:332:10)
    at Writable.write (node:internal/streams/writable:336:10)
    at console.value (node:internal/console/constructor:299:16)
    at console.warn (node:internal/console/constructor:381:26)
    at /tmp/.mount_motrixbrFmay/resources/app.asar/dist/electron/main.js:9:87754
[2026-06-20 11:08:52.476] [error] [Motrix] Uncaught exception: write EPIPE
[2026-06-20 11:08:52.477] [error] Error: write EPIPE
    at afterWriteDispatched (node:internal/stream_base_commons:160:15)
    at writeGeneric (node:internal/stream_base_commons:151:3)
    at Socket._writeGeneric (node:net:874:11)
    at Socket._write (node:net:886:8)
    at writeOrBuffer (node:internal/streams/writable:391:12)
    at _write (node:internal/streams/writable:332:10)
    at Writable.write (node:internal/streams/writable:336:10)
    at console.value (node:internal/console/constructor:299:16)
    at console.warn (node:internal/console/constructor:381:26)
    at /tmp/.mount_motrixbrFmay/resources/app.asar/dist/electron/main.js:9:87754
[2026-06-20 11:08:52.644] [error] [Motrix] Uncaught exception: write EPIPE
[2026-06-20 11:08:52.645] [error] Error: write EPIPE
    at afterWriteDispatched (node:internal/stream_base_commons:160:15)
    at writeGeneric (node:internal/stream_base_commons:151:3)
    at Socket._writeGeneric (node:net:874:11)
    at Socket._write (node:net:886:8)
    at writeOrBuffer (node:internal/streams/writable:391:12)
    at _write (node:internal/streams/writable:332:10)
    at Writable.write (node:internal/streams/writable:336:10)
    at console.value (node:internal/console/constructor:299:16)
    at console.warn (node:internal/console/constructor:381:26)
    at /tmp/.mount_motrixbrFmay/resources/app.asar/dist/electron/main.js:9:87754
[2026-06-20 11:08:52.812] [error] [Motrix] Uncaught exception: write EPIPE
[2026-06-20 11:08:52.813] [error] Error: write EPIPE
    at afterWriteDispatched (node:internal/stream_base_commons:160:15)
    at writeGeneric (node:internal/stream_base_commons:151:3)
    at Socket._writeGeneric (node:net:874:11)
    at Socket._write (node:net:886:8)
    at writeOrBuffer (node:internal/streams/writable:391:12)
    at _write (node:internal/streams/writable:332:10)
    at Writable.write (node:internal/streams/writable:336:10)
    at console.value (node:internal/console/constructor:299:16)
    at console.warn (node:internal/console/constructor:381:26)
    at /tmp/.mount_motrixbrFmay/resources/app.asar/dist/electron/main.js:9:87754
[2026-06-20 11:08:52.996] [error] [Motrix] Uncaught exception: write EPIPE
[2026-06-20 11:08:52.997] [error] Error: write EPIPE
    at afterWriteDispatched (node:internal/stream_base_commons:160:15)
    at writeGeneric (node:internal/stream_base_commons:151:3)
    at Socket._writeGeneric (node:net:874:11)
    at Socket._write (node:net:886:8)
    at writeOrBuffer (node:internal/streams/writable:391:12)
    at _write (node:internal/streams/writable:332:10)
    at Writable.write (node:internal/streams/writable:336:10)
    at console.value (node:internal/console/constructor:299:16)
    at console.warn (node:internal/console/constructor:381:26)
    at /tmp/.mount_motrixbrFmay/resources/app.asar/dist/electron/main.js:9:87754
[2026-06-20 11:08:53.180] [error] [Motrix] Uncaught exception: write EPIPE
[2026-06-20 11:08:53.181] [error] Error: write EPIPE
    at afterWriteDispatched (node:internal/stream_base_commons:160:15)
    at writeGeneric (node:internal/stream_base_commons:151:3)
    at Socket._writeGeneric (node:net:874:11)
    at Socket._write (node:net:886:8)
    at writeOrBuffer (node:internal/streams/writable:391:12)
    at _write (node:internal/streams/writable:332:10)
    at Writable.write (node:internal/streams/writable:336:10)
    at console.value (node:internal/console/constructor:299:16)
    at console.warn (node:internal/console/constructor:381:26)
    at /tmp/.mount_motrixbrFmay/resources/app.asar/dist/electron/main.js:9:87754
[2026-06-20 11:08:53.388] [error] [Motrix] Uncaught exception: write EPIPE
[2026-06-20 11:08:53.389] [error] Error: write EPIPE
    at afterWriteDispatched (node:internal/stream_base_commons:160:15)
    at writeGeneric (node:internal/stream_base_commons:151:3)
    at Socket._writeGeneric (node:net:874:11)
    at Socket._write (node:net:886:8)
    at writeOrBuffer (node:internal/streams/writable:391:12)
    at _write (node:internal/streams/writable:332:10)
    at Writable.write (node:internal/streams/writable:336:10)
    at console.value (node:internal/console/constructor:299:16)
    at console.warn (node:internal/console/constructor:381:26)
    at /tmp/.mount_motrixbrFmay/resources/app.asar/dist/electron/main.js:9:87754
[2026-06-20 11:09:29.328] [error] [Motrix] Uncaught exception: write EPIPE
[2026-06-20 11:09:29.329] [error] Error: write EPIPE
    at afterWriteDispatched (node:internal/stream_base_commons:160:15)
    at writeGeneric (node:internal/stream_base_commons:151:3)
    at Socket._writeGeneric (node:net:874:11)
    at Socket._write (node:net:886:8)
    at writeOrBuffer (node:internal/streams/writable:391:12)
    at _write (node:internal/streams/writable:332:10)
    at Writable.write (node:internal/streams/writable:336:10)
    at console.value (node:internal/console/constructor:299:16)
    at console.warn (node:internal/console/constructor:381:26)
    at /tmp/.mount_motrixbrFmay/resources/app.asar/dist/electron/main.js:9:87754
[2026-06-20 11:09:29.608] [error] [Motrix] Uncaught exception: write EPIPE
[2026-06-20 11:09:29.609] [error] Error: write EPIPE
    at afterWriteDispatched (node:internal/stream_base_commons:160:15)
    at writeGeneric (node:internal/stream_base_commons:151:3)
    at Socket._writeGeneric (node:net:874:11)
    at Socket._write (node:net:886:8)
    at writeOrBuffer (node:internal/streams/writable:391:12)
    at _write (node:internal/streams/writable:332:10)
    at Writable.write (node:internal/streams/writable:336:10)
    at console.value (node:internal/console/constructor:299:16)
    at console.warn (node:internal/console/constructor:381:26)
    at /tmp/.mount_motrixbrFmay/resources/app.asar/dist/electron/main.js:9:87754
[2026-06-20 11:09:29.776] [error] [Motrix] Uncaught exception: write EPIPE
[2026-06-20 11:09:29.777] [error] Error: write EPIPE
    at afterWriteDispatched (node:internal/stream_base_commons:160:15)
    at writeGeneric (node:internal/stream_base_commons:151:3)
    at Socket._writeGeneric (node:net:874:11)
    at Socket._write (node:net:886:8)
    at writeOrBuffer (node:internal/streams/writable:391:12)
    at _write (node:internal/streams/writable:332:10)
    at Writable.write (node:internal/streams/writable:336:10)
    at console.value (node:internal/console/constructor:299:16)
    at console.warn (node:internal/console/constructor:381:26)
    at /tmp/.mount_motrixbrFmay/resources/app.asar/dist/electron/main.js:9:87754
[2026-06-20 11:09:29.952] [error] [Motrix] Uncaught exception: write EPIPE
[2026-06-20 11:09:29.953] [error] Error: write EPIPE
    at afterWriteDispatched (node:internal/stream_base_commons:160:15)
    at writeGeneric (node:internal/stream_base_commons:151:3)
    at Socket._writeGeneric (node:net:874:11)
    at Socket._write (node:net:886:8)
    at writeOrBuffer (node:internal/streams/writable:391:12)
    at _write (node:internal/streams/writable:332:10)
    at Writable.write (node:internal/streams/writable:336:10)
    at console.value (node:internal/console/constructor:299:16)
    at console.warn (node:internal/console/constructor:381:26)
    at /tmp/.mount_motrixbrFmay/resources/app.asar/dist/electron/main.js:9:87754
[2026-06-20 11:09:30.096] [error] [Motrix] Uncaught exception: write EPIPE
[2026-06-20 11:09:30.097] [error] Error: write EPIPE
    at afterWriteDispatched (node:internal/stream_base_commons:160:15)
    at writeGeneric (node:internal/stream_base_commons:151:3)
    at Socket._writeGeneric (node:net:874:11)
    at Socket._write (node:net:886:8)
    at writeOrBuffer (node:internal/streams/writable:391:12)
    at _write (node:internal/streams/writable:332:10)
    at Writable.write (node:internal/streams/writable:336:10)
    at console.value (node:internal/console/constructor:299:16)
    at console.warn (node:internal/console/constructor:381:26)
    at /tmp/.mount_motrixbrFmay/resources/app.asar/dist/electron/main.js:9:87754
[2026-06-20 11:09:31.264] [error] [Motrix] Uncaught exception: write EPIPE
[2026-06-20 11:09:31.265] [error] Error: write EPIPE
    at afterWriteDispatched (node:internal/stream_base_commons:160:15)
    at writeGeneric (node:internal/stream_base_commons:151:3)
    at Socket._writeGeneric (node:net:874:11)
    at Socket._write (node:net:886:8)
    at writeOrBuffer (node:internal/streams/writable:391:12)
    at _write (node:internal/streams/writable:332:10)
    at Writable.write (node:internal/streams/writable:336:10)
    at console.value (node:internal/console/constructor:299:16)
    at console.warn (node:internal/console/constructor:381:26)
    at /tmp/.mount_motrixbrFmay/resources/app.asar/dist/electron/main.js:9:87754
[2026-06-20 12:37:47.950] [info]  [Motrix] Logger init
[2026-06-20 12:37:47.956] [warn]  [Motrix] Logger init
[2026-06-20 12:37:48.053] [info]  [Motrix] handleAppLaunchArgv: [ '/tmp/.mount_motrixeylvh8/motrix', '--no-sandbox' ]
[2026-06-20 12:37:48.055] [info]  [Motrix] split argv args: [ '/tmp/.mount_motrixeylvh8/motrix' ]
[2026-06-20 12:37:48.056] [info]  [Motrix] split argv extra: { '--no-sandbox': '1' }
[2026-06-20 12:37:48.056] [info]  [Motrix] openedAtLogin: false
[2026-06-20 12:37:48.241] [info]  [Motrix] Context.init===> {
  platform: 'linux',
  arch: 'x64',
  'log-path': '/home/ariel/.config/Motrix/logs',
  'session-path': '/home/ariel/.config/Motrix/download.session',
  'engine-path': '/tmp/.mount_motrixeylvh8/resources/engine',
  'aria2-bin-path': '/tmp/.mount_motrixeylvh8/resources/engine/aria2c',
  'aria2-conf-path': '/tmp/.mount_motrixeylvh8/resources/engine/aria2.conf'
}
[2026-06-20 12:37:50.079] [warn]  [Motrix] UPnPManager map 21301 failed, error:  UPnP port mapping failed
[2026-06-20 12:37:50.080] [warn]  [Motrix] UPnPManager map 26701 failed, error:  UPnP port mapping failed
[2026-06-20 12:39:52.994] [error] [Motrix] Uncaught exception: write EPIPE
[2026-06-20 12:39:52.995] [error] Error: write EPIPE
    at afterWriteDispatched (node:internal/stream_base_commons:160:15)
    at writeGeneric (node:internal/stream_base_commons:151:3)
    at Socket._writeGeneric (node:net:874:11)
    at Socket._write (node:net:886:8)
    at writeOrBuffer (node:internal/streams/writable:391:12)
    at _write (node:internal/streams/writable:332:10)
    at Writable.write (node:internal/streams/writable:336:10)
    at console.value (node:internal/console/constructor:299:16)
    at console.log (node:internal/console/constructor:376:26)
    at /tmp/.mount_motrixeylvh8/resources/app.asar/dist/electron/main.js:9:87754
[2026-06-20 12:39:54.613] [error] [Motrix] Uncaught exception: write EPIPE
[2026-06-20 12:39:54.614] [error] Error: write EPIPE
    at afterWriteDispatched (node:internal/stream_base_commons:160:15)
    at writeGeneric (node:internal/stream_base_commons:151:3)
    at Socket._writeGeneric (node:net:874:11)
    at Socket._write (node:net:886:8)
    at writeOrBuffer (node:internal/streams/writable:391:12)
    at _write (node:internal/streams/writable:332:10)
    at Writable.write (node:internal/streams/writable:336:10)
    at console.value (node:internal/console/constructor:299:16)
    at console.log (node:internal/console/constructor:376:26)
    at /tmp/.mount_motrixeylvh8/resources/app.asar/dist/electron/main.js:9:87754
[2026-06-20 12:40:01.989] [error] [Motrix] Uncaught exception: write EPIPE
[2026-06-20 12:40:01.989] [error] Error: write EPIPE
    at afterWriteDispatched (node:internal/stream_base_commons:160:15)
    at writeGeneric (node:internal/stream_base_commons:151:3)
    at Socket._writeGeneric (node:net:874:11)
    at Socket._write (node:net:886:8)
    at writeOrBuffer (node:internal/streams/writable:391:12)
    at _write (node:internal/streams/writable:332:10)
    at Writable.write (node:internal/streams/writable:336:10)
    at console.value (node:internal/console/constructor:299:16)
    at console.warn (node:internal/console/constructor:381:26)
    at /tmp/.mount_motrixeylvh8/resources/app.asar/dist/electron/main.js:9:87754
[2026-06-20 12:40:02.909] [error] [Motrix] Uncaught exception: write EPIPE
[2026-06-20 12:40:02.909] [error] Error: write EPIPE
    at afterWriteDispatched (node:internal/stream_base_commons:160:15)
    at writeGeneric (node:internal/stream_base_commons:151:3)
    at Socket._writeGeneric (node:net:874:11)
    at Socket._write (node:net:886:8)
    at writeOrBuffer (node:internal/streams/writable:391:12)
    at _write (node:internal/streams/writable:332:10)
    at Writable.write (node:internal/streams/writable:336:10)
    at console.value (node:internal/console/constructor:299:16)
    at console.warn (node:internal/console/constructor:381:26)
    at /tmp/.mount_motrixeylvh8/resources/app.asar/dist/electron/main.js:9:87754
[2026-06-20 12:40:03.076] [error] [Motrix] Uncaught exception: write EPIPE
[2026-06-20 12:40:03.077] [error] Error: write EPIPE
    at afterWriteDispatched (node:internal/stream_base_commons:160:15)
    at writeGeneric (node:internal/stream_base_commons:151:3)
    at Socket._writeGeneric (node:net:874:11)
    at Socket._write (node:net:886:8)
    at writeOrBuffer (node:internal/streams/writable:391:12)
    at _write (node:internal/streams/writable:332:10)
    at Writable.write (node:internal/streams/writable:336:10)
    at console.value (node:internal/console/constructor:299:16)
    at console.warn (node:internal/console/constructor:381:26)
    at /tmp/.mount_motrixeylvh8/resources/app.asar/dist/electron/main.js:9:87754
[2026-06-20 12:40:03.252] [error] [Motrix] Uncaught exception: write EPIPE
[2026-06-20 12:40:03.253] [error] Error: write EPIPE
    at afterWriteDispatched (node:internal/stream_base_commons:160:15)
    at writeGeneric (node:internal/stream_base_commons:151:3)
    at Socket._writeGeneric (node:net:874:11)
    at Socket._write (node:net:886:8)
    at writeOrBuffer (node:internal/streams/writable:391:12)
    at _write (node:internal/streams/writable:332:10)
    at Writable.write (node:internal/streams/writable:336:10)
    at console.value (node:internal/console/constructor:299:16)
    at console.warn (node:internal/console/constructor:381:26)
    at /tmp/.mount_motrixeylvh8/resources/app.asar/dist/electron/main.js:9:87754
[2026-06-20 12:40:03.412] [error] [Motrix] Uncaught exception: write EPIPE
[2026-06-20 12:40:03.413] [error] Error: write EPIPE
    at afterWriteDispatched (node:internal/stream_base_commons:160:15)
    at writeGeneric (node:internal/stream_base_commons:151:3)
    at Socket._writeGeneric (node:net:874:11)
    at Socket._write (node:net:886:8)
    at writeOrBuffer (node:internal/streams/writable:391:12)
    at _write (node:internal/streams/writable:332:10)
    at Writable.write (node:internal/streams/writable:336:10)
    at console.value (node:internal/console/constructor:299:16)
    at console.warn (node:internal/console/constructor:381:26)
    at /tmp/.mount_motrixeylvh8/resources/app.asar/dist/electron/main.js:9:87754
[2026-06-20 12:40:03.596] [error] [Motrix] Uncaught exception: write EPIPE
[2026-06-20 12:40:03.597] [error] Error: write EPIPE
    at afterWriteDispatched (node:internal/stream_base_commons:160:15)
    at writeGeneric (node:internal/stream_base_commons:151:3)
    at Socket._writeGeneric (node:net:874:11)
    at Socket._write (node:net:886:8)
    at writeOrBuffer (node:internal/streams/writable:391:12)
    at _write (node:internal/streams/writable:332:10)
    at Writable.write (node:internal/streams/writable:336:10)
    at console.value (node:internal/console/constructor:299:16)
    at console.warn (node:internal/console/constructor:381:26)
    at /tmp/.mount_motrixeylvh8/resources/app.asar/dist/electron/main.js:9:87754
[2026-06-20 12:40:03.893] [error] [Motrix] Uncaught exception: write EPIPE
[2026-06-20 12:40:03.893] [error] Error: write EPIPE
    at afterWriteDispatched (node:internal/stream_base_commons:160:15)
    at writeGeneric (node:internal/stream_base_commons:151:3)
    at Socket._writeGeneric (node:net:874:11)
    at Socket._write (node:net:886:8)
    at writeOrBuffer (node:internal/streams/writable:391:12)
    at _write (node:internal/streams/writable:332:10)
    at Writable.write (node:internal/streams/writable:336:10)
    at console.value (node:internal/console/constructor:299:16)
    at console.warn (node:internal/console/constructor:381:26)
    at /tmp/.mount_motrixeylvh8/resources/app.asar/dist/electron/main.js:9:87754
[2026-06-20 12:40:04.060] [error] [Motrix] Uncaught exception: write EPIPE
[2026-06-20 12:40:04.061] [error] Error: write EPIPE
    at afterWriteDispatched (node:internal/stream_base_commons:160:15)
    at writeGeneric (node:internal/stream_base_commons:151:3)
    at Socket._writeGeneric (node:net:874:11)
    at Socket._write (node:net:886:8)
    at writeOrBuffer (node:internal/streams/writable:391:12)
    at _write (node:internal/streams/writable:332:10)
    at Writable.write (node:internal/streams/writable:336:10)
    at console.value (node:internal/console/constructor:299:16)
    at console.warn (node:internal/console/constructor:381:26)
    at /tmp/.mount_motrixeylvh8/resources/app.asar/dist/electron/main.js:9:87754
