ONLYOFFICE_TEMPLATES_VERSION_1
/opt/onlyoffice/desktopeditors/converter/templates/ES/Document/[32]IF3GS43PEBSGKIDEN5ZSA43FNVQW4YLT.dotx
/opt/onlyoffice/desktopeditors/converter/templates/ES/Document/[32]INSXE5DJMZUWGYLEN4======.dotx
/opt/onlyoffice/desktopeditors/converter/templates/ES/Document/[32]IRUXA3DPNVQQ====.dotx
/opt/onlyoffice/desktopeditors/converter/templates/ES/Document/[32]IRUXA3DPNVQSA33GNFRWSYLMEBSGKIDFON2GS3DP.dotx
/opt/onlyoffice/desktopeditors/converter/templates/ES/Document/[32]IZQWG5DVOJQSAZLTORUWY3ZANFXGMYLOORUWY===.dotx
/opt/onlyoffice/desktopeditors/converter/templates/ES/Document/[32]J5ZGIZLOEBSGKIDDN5WXA4TB.dotx
/opt/onlyoffice/desktopeditors/converter/templates/ES/Document/[32]JRUXG5DBEBSGKIDWMVZGSZTJMNQWG2ODWNXCAZDFEBSXG5DJNRXSA33GNFRWSYLM.dotx
/opt/onlyoffice/desktopeditors/converter/templates/ES/Document/[32]JZXXIYLTEBSGKICDN5ZG4ZLMNQ======.dotx
/opt/onlyoffice/desktopeditors/converter/templates/ES/Document/[32]KBZG6Y3FMRUW22LFNZ2G6IDPOBSXEYLUNF3G6IDFON2MHILOMRQXE===.dotx
/opt/onlyoffice/desktopeditors/converter/templates/ES/Document/[32]KJSWC3TVMRQXEIDDN5WG64RAMRSWYIDDNFSWY3Y=.dotx
/opt/onlyoffice/desktopeditors/converter/templates/ES/Forms/[32]INSXE5DJMZUWGYLEN4======.pdf
/opt/onlyoffice/desktopeditors/converter/templates/ES/Forms/[32]INSXE5DJMZUWGYLEN4QGIYLSNMQGE3DVMU======.pdf
/opt/onlyoffice/desktopeditors/converter/templates/ES/Forms/[32]JRUXG5DBEBSGKIDDN5WXA4TPMJQWG2ODWNXA====.pdf
/opt/onlyoffice/desktopeditors/converter/templates/ES/Forms/[32]KBQWG5DPEBSGKIDTN5RWS33T.pdf
/opt/onlyoffice/desktopeditors/converter/templates/ES/Forms/[32]KBWGC3RAONSW2YLOMFWA====.pdf
/opt/onlyoffice/desktopeditors/converter/templates/ES/Forms/[32]KBWGC3TJMZUWGYLEN5ZCAZDFEB3GSYLKMVZQ====.pdf
/opt/onlyoffice/desktopeditors/converter/templates/ES/Forms/[32]KBZGK43UMFWW6IDFNZ2HEZJAOBQXE5DJMN2WYYLSMVZQ====.pdf
/opt/onlyoffice/desktopeditors/converter/templates/ES/Forms/[32]KBZMHM3SOJXWOYJAMRSSAY3PNZ2HEYLUN4QGIZJAMFWHC5LJNRSXE===.pdf
/opt/onlyoffice/desktopeditors/converter/templates/ES/Presentation/[32]IFTWK3TEME======.potx
/opt/onlyoffice/desktopeditors/converter/templates/ES/Presentation/[32]IFXMHILMNFZWS4ZAIZHUIQJAONUW24DMMU======.potx
/opt/onlyoffice/desktopeditors/converter/templates/ES/Presentation/[32]INZG63TPNRXWPQ5NME======.potx
/opt/onlyoffice/desktopeditors/converter/templates/ES/Presentation/[32]J5ZGOYLONFTXEYLNME======.potx
/opt/onlyoffice/desktopeditors/converter/templates/ES/Presentation/[32]JJSW64DBOJSHS===.potx
/opt/onlyoffice/desktopeditors/converter/templates/ES/Presentation/[32]JTB223TFMEQGIZJAORUWK3LQN4QGIZLMEBWXK3TEN4======.potx
/opt/onlyoffice/desktopeditors/converter/templates/ES/Presentation/[32]KDB3G43UMVZA====.potx
/opt/onlyoffice/desktopeditors/converter/templates/ES/Presentation/[32]KJSXG5LNMVXCAZLKMVRXK5DJOZXQ====.potx
/opt/onlyoffice/desktopeditors/converter/templates/ES/Presentation/[32]KJSXG5LNMVXCAZLKMVRXK5DJOZXSASLOMZXWO4TBM3B22YI=.potx
/opt/onlyoffice/desktopeditors/converter/templates/ES/Presentation/[32]YOAXEYTPNQ======.potx
/opt/onlyoffice/desktopeditors/converter/templates/ES/Spreadsheet/[32]IN2WCZDSN4QGIZJAMFWW64TUNF5GCY3JYOZW4===.xltx
/opt/onlyoffice/desktopeditors/converter/templates/ES/Spreadsheet/[32]INQW4YLMEBSGKIDWMVXHIYLT.xltx
/opt/onlyoffice/desktopeditors/converter/templates/ES/Spreadsheet/[32]IRUWCZ3SMFWWCIDEMUQEOYLOOR2A====.xltx
/opt/onlyoffice/desktopeditors/converter/templates/ES/Spreadsheet/[32]IVZXIYLEN4QGIZJAODB2S4TENFSGC4ZAPEQGOYLOMFXGG2LBOM======.xltx
/opt/onlyoffice/desktopeditors/converter/templates/ES/Spreadsheet/[32]IZQWG5DVOJQQ====.xltx
/opt/onlyoffice/desktopeditors/converter/templates/ES/Spreadsheet/[32]JBXXEYLSNFXSAZDFNQQHAZLSONXW4YLM.xltx
/opt/onlyoffice/desktopeditors/converter/templates/ES/Spreadsheet/[32]KRQWZQ5TNYQGIZJAOBQWO3Y=.xltx
