ONLYOFFICE_FONTS_VERSION_15
/home/ariel/.local/share/fonts/.uuid
/home/ariel/.local/share/fonts/h/.uuid
/home/ariel/.local/share/fonts/h/HackNerdFont_Regular.ttf
/home/ariel/.local/share/fonts/v/.uuid
/opt/onlyoffice/desktopeditors/fonts/ASC.ttf
/opt/onlyoffice/desktopeditors/fonts/LICENSE.txt
/opt/onlyoffice/desktopeditors/fonts/OpenSans-Bold.ttf
/opt/onlyoffice/desktopeditors/fonts/OpenSans-ExtraBold.ttf
/opt/onlyoffice/desktopeditors/fonts/OpenSans-Light.ttf
/opt/onlyoffice/desktopeditors/fonts/OpenSans-Regular.ttf
/opt/onlyoffice/desktopeditors/fonts/OpenSans-Semibold.ttf
/opt/onlyoffice/desktopeditors/fonts/asana/ASANA.ttc
/opt/onlyoffice/desktopeditors/fonts/asana/LICENSE.txt
/opt/onlyoffice/desktopeditors/fonts/caladea/LICENSE.txt
/opt/onlyoffice/desktopeditors/fonts/caladea/caladea-bold.ttf
/opt/onlyoffice/desktopeditors/fonts/caladea/caladea-bolditalic.ttf
/opt/onlyoffice/desktopeditors/fonts/caladea/caladea-italic.ttf
/opt/onlyoffice/desktopeditors/fonts/caladea/caladea-regular.ttf
/opt/onlyoffice/desktopeditors/fonts/crosextra/Carlito-Bold.ttf
/opt/onlyoffice/desktopeditors/fonts/crosextra/Carlito-BoldItalic.ttf
/opt/onlyoffice/desktopeditors/fonts/crosextra/Carlito-Italic.ttf
/opt/onlyoffice/desktopeditors/fonts/crosextra/Carlito-Regular.ttf
/opt/onlyoffice/desktopeditors/fonts/crosextra/LICENSE.txt
/opt/onlyoffice/desktopeditors/fonts/openoffice/LICENSE.txt
/opt/onlyoffice/desktopeditors/fonts/openoffice/opens___.ttf
/usr/local/share/fonts/b/BitstromWeraNerdFontPropo_Regular.ttf
/usr/local/share/fonts/v/Vera.ttf
/usr/share/fonts/Adwaita/AdwaitaMono-Bold.ttf
/usr/share/fonts/Adwaita/AdwaitaMono-BoldItalic.ttf
/usr/share/fonts/Adwaita/AdwaitaMono-Italic.ttf
/usr/share/fonts/Adwaita/AdwaitaMono-Regular.ttf
/usr/share/fonts/Adwaita/AdwaitaSans-Italic.ttf
/usr/share/fonts/Adwaita/AdwaitaSans-Regular.ttf
/usr/share/fonts/OTF/MonaspaceArgonNF-Bold.otf
/usr/share/fonts/OTF/MonaspaceArgonNF-BoldItalic.otf
/usr/share/fonts/OTF/MonaspaceArgonNF-ExtraBold.otf
/usr/share/fonts/OTF/MonaspaceArgonNF-ExtraBoldItalic.otf
/usr/share/fonts/OTF/MonaspaceArgonNF-ExtraLight.otf
/usr/share/fonts/OTF/MonaspaceArgonNF-ExtraLightItalic.otf
/usr/share/fonts/OTF/MonaspaceArgonNF-Italic.otf
/usr/share/fonts/OTF/MonaspaceArgonNF-Light.otf
/usr/share/fonts/OTF/MonaspaceArgonNF-LightItalic.otf
/usr/share/fonts/OTF/MonaspaceArgonNF-Medium.otf
/usr/share/fonts/OTF/MonaspaceArgonNF-MediumItalic.otf
/usr/share/fonts/OTF/MonaspaceArgonNF-Regular.otf
/usr/share/fonts/OTF/MonaspaceArgonNF-SemiBold.otf
/usr/share/fonts/OTF/MonaspaceArgonNF-SemiBoldItalic.otf
/usr/share/fonts/OTF/MonaspaceArgonNF-SemiWideBold.otf
/usr/share/fonts/OTF/MonaspaceArgonNF-SemiWideBoldItalic.otf
/usr/share/fonts/OTF/MonaspaceArgonNF-SemiWideExtraBold.otf
/usr/share/fonts/OTF/MonaspaceArgonNF-SemiWideExtraBoldItalic.otf
/usr/share/fonts/OTF/MonaspaceArgonNF-SemiWideExtraLight.otf
/usr/share/fonts/OTF/MonaspaceArgonNF-SemiWideExtraLightItalic.otf
/usr/share/fonts/OTF/MonaspaceArgonNF-SemiWideItalic.otf
/usr/share/fonts/OTF/MonaspaceArgonNF-SemiWideLight.otf
/usr/share/fonts/OTF/MonaspaceArgonNF-SemiWideLightItalic.otf
/usr/share/fonts/OTF/MonaspaceArgonNF-SemiWideMedium.otf
/usr/share/fonts/OTF/MonaspaceArgonNF-SemiWideMediumItalic.otf
/usr/share/fonts/OTF/MonaspaceArgonNF-SemiWideRegular.otf
/usr/share/fonts/OTF/MonaspaceArgonNF-SemiWideSemiBold.otf
/usr/share/fonts/OTF/MonaspaceArgonNF-SemiWideSemiBoldItalic.otf
/usr/share/fonts/OTF/MonaspaceArgonNF-WideBold.otf
/usr/share/fonts/OTF/MonaspaceArgonNF-WideBoldItalic.otf
/usr/share/fonts/OTF/MonaspaceArgonNF-WideExtraBold.otf
/usr/share/fonts/OTF/MonaspaceArgonNF-WideExtraBoldItalic.otf
/usr/share/fonts/OTF/MonaspaceArgonNF-WideExtraLight.otf
/usr/share/fonts/OTF/MonaspaceArgonNF-WideExtraLightItalic.otf
/usr/share/fonts/OTF/MonaspaceArgonNF-WideItalic.otf
/usr/share/fonts/OTF/MonaspaceArgonNF-WideLight.otf
/usr/share/fonts/OTF/MonaspaceArgonNF-WideLightItalic.otf
/usr/share/fonts/OTF/MonaspaceArgonNF-WideMedium.otf
/usr/share/fonts/OTF/MonaspaceArgonNF-WideMediumItalic.otf
/usr/share/fonts/OTF/MonaspaceArgonNF-WideRegular.otf
/usr/share/fonts/OTF/MonaspaceArgonNF-WideSemiBold.otf
/usr/share/fonts/OTF/MonaspaceArgonNF-WideSemiBoldItalic.otf
/usr/share/fonts/OTF/MonaspaceKryptonNF-Bold.otf
/usr/share/fonts/OTF/MonaspaceKryptonNF-BoldItalic.otf
/usr/share/fonts/OTF/MonaspaceKryptonNF-ExtraBold.otf
/usr/share/fonts/OTF/MonaspaceKryptonNF-ExtraBoldItalic.otf
/usr/share/fonts/OTF/MonaspaceKryptonNF-ExtraLight.otf
/usr/share/fonts/OTF/MonaspaceKryptonNF-ExtraLightItalic.otf
/usr/share/fonts/OTF/MonaspaceKryptonNF-Italic.otf
/usr/share/fonts/OTF/MonaspaceKryptonNF-Light.otf
/usr/share/fonts/OTF/MonaspaceKryptonNF-LightItalic.otf
/usr/share/fonts/OTF/MonaspaceKryptonNF-Medium.otf
/usr/share/fonts/OTF/MonaspaceKryptonNF-MediumItalic.otf
/usr/share/fonts/OTF/MonaspaceKryptonNF-Regular.otf
/usr/share/fonts/OTF/MonaspaceKryptonNF-SemiBold.otf
/usr/share/fonts/OTF/MonaspaceKryptonNF-SemiBoldItalic.otf
/usr/share/fonts/OTF/MonaspaceKryptonNF-SemiWideBold.otf
/usr/share/fonts/OTF/MonaspaceKryptonNF-SemiWideBoldItalic.otf
/usr/share/fonts/OTF/MonaspaceKryptonNF-SemiWideExtraBold.otf
/usr/share/fonts/OTF/MonaspaceKryptonNF-SemiWideExtraBoldItalic.otf
/usr/share/fonts/OTF/MonaspaceKryptonNF-SemiWideExtraLight.otf
/usr/share/fonts/OTF/MonaspaceKryptonNF-SemiWideExtraLightItalic.otf
/usr/share/fonts/OTF/MonaspaceKryptonNF-SemiWideItalic.otf
/usr/share/fonts/OTF/MonaspaceKryptonNF-SemiWideLight.otf
/usr/share/fonts/OTF/MonaspaceKryptonNF-SemiWideLightItalic.otf
/usr/share/fonts/OTF/MonaspaceKryptonNF-SemiWideMedium.otf
/usr/share/fonts/OTF/MonaspaceKryptonNF-SemiWideMediumItalic.otf
/usr/share/fonts/OTF/MonaspaceKryptonNF-SemiWideRegular.otf
/usr/share/fonts/OTF/MonaspaceKryptonNF-SemiWideSemiBold.otf
/usr/share/fonts/OTF/MonaspaceKryptonNF-SemiWideSemiBoldItalic.otf
/usr/share/fonts/OTF/MonaspaceKryptonNF-WideBold.otf
/usr/share/fonts/OTF/MonaspaceKryptonNF-WideBoldItalic.otf
/usr/share/fonts/OTF/MonaspaceKryptonNF-WideExtraBold.otf
/usr/share/fonts/OTF/MonaspaceKryptonNF-WideExtraBoldItalic.otf
/usr/share/fonts/OTF/MonaspaceKryptonNF-WideExtraLight.otf
/usr/share/fonts/OTF/MonaspaceKryptonNF-WideExtraLightItalic.otf
/usr/share/fonts/OTF/MonaspaceKryptonNF-WideItalic.otf
/usr/share/fonts/OTF/MonaspaceKryptonNF-WideLight.otf
/usr/share/fonts/OTF/MonaspaceKryptonNF-WideLightItalic.otf
/usr/share/fonts/OTF/MonaspaceKryptonNF-WideMedium.otf
/usr/share/fonts/OTF/MonaspaceKryptonNF-WideMediumItalic.otf
/usr/share/fonts/OTF/MonaspaceKryptonNF-WideRegular.otf
/usr/share/fonts/OTF/MonaspaceKryptonNF-WideSemiBold.otf
/usr/share/fonts/OTF/MonaspaceKryptonNF-WideSemiBoldItalic.otf
/usr/share/fonts/OTF/MonaspaceNeonNF-Bold.otf
/usr/share/fonts/OTF/MonaspaceNeonNF-BoldItalic.otf
/usr/share/fonts/OTF/MonaspaceNeonNF-ExtraBold.otf
/usr/share/fonts/OTF/MonaspaceNeonNF-ExtraBoldItalic.otf
/usr/share/fonts/OTF/MonaspaceNeonNF-ExtraLight.otf
/usr/share/fonts/OTF/MonaspaceNeonNF-ExtraLightItalic.otf
/usr/share/fonts/OTF/MonaspaceNeonNF-Italic.otf
/usr/share/fonts/OTF/MonaspaceNeonNF-Light.otf
/usr/share/fonts/OTF/MonaspaceNeonNF-LightItalic.otf
/usr/share/fonts/OTF/MonaspaceNeonNF-Medium.otf
/usr/share/fonts/OTF/MonaspaceNeonNF-MediumItalic.otf
/usr/share/fonts/OTF/MonaspaceNeonNF-Regular.otf
/usr/share/fonts/OTF/MonaspaceNeonNF-SemiBold.otf
/usr/share/fonts/OTF/MonaspaceNeonNF-SemiBoldItalic.otf
/usr/share/fonts/OTF/MonaspaceNeonNF-SemiWideBold.otf
/usr/share/fonts/OTF/MonaspaceNeonNF-SemiWideBoldItalic.otf
/usr/share/fonts/OTF/MonaspaceNeonNF-SemiWideExtraBold.otf
/usr/share/fonts/OTF/MonaspaceNeonNF-SemiWideExtraBoldItalic.otf
/usr/share/fonts/OTF/MonaspaceNeonNF-SemiWideExtraLight.otf
/usr/share/fonts/OTF/MonaspaceNeonNF-SemiWideExtraLightItalic.otf
/usr/share/fonts/OTF/MonaspaceNeonNF-SemiWideItalic.otf
/usr/share/fonts/OTF/MonaspaceNeonNF-SemiWideLight.otf
/usr/share/fonts/OTF/MonaspaceNeonNF-SemiWideLightItalic.otf
/usr/share/fonts/OTF/MonaspaceNeonNF-SemiWideMedium.otf
/usr/share/fonts/OTF/MonaspaceNeonNF-SemiWideMediumItalic.otf
/usr/share/fonts/OTF/MonaspaceNeonNF-SemiWideRegular.otf
/usr/share/fonts/OTF/MonaspaceNeonNF-SemiWideSemiBold.otf
/usr/share/fonts/OTF/MonaspaceNeonNF-SemiWideSemiBoldItalic.otf
/usr/share/fonts/OTF/MonaspaceNeonNF-WideBold.otf
/usr/share/fonts/OTF/MonaspaceNeonNF-WideBoldItalic.otf
/usr/share/fonts/OTF/MonaspaceNeonNF-WideExtraBold.otf
/usr/share/fonts/OTF/MonaspaceNeonNF-WideExtraBoldItalic.otf
/usr/share/fonts/OTF/MonaspaceNeonNF-WideExtraLight.otf
/usr/share/fonts/OTF/MonaspaceNeonNF-WideExtraLightItalic.otf
/usr/share/fonts/OTF/MonaspaceNeonNF-WideItalic.otf
/usr/share/fonts/OTF/MonaspaceNeonNF-WideLight.otf
/usr/share/fonts/OTF/MonaspaceNeonNF-WideLightItalic.otf
/usr/share/fonts/OTF/MonaspaceNeonNF-WideMedium.otf
/usr/share/fonts/OTF/MonaspaceNeonNF-WideMediumItalic.otf
/usr/share/fonts/OTF/MonaspaceNeonNF-WideRegular.otf
/usr/share/fonts/OTF/MonaspaceNeonNF-WideSemiBold.otf
/usr/share/fonts/OTF/MonaspaceNeonNF-WideSemiBoldItalic.otf
/usr/share/fonts/OTF/MonaspaceRadonNF-Bold.otf
/usr/share/fonts/OTF/MonaspaceRadonNF-BoldItalic.otf
/usr/share/fonts/OTF/MonaspaceRadonNF-ExtraBold.otf
/usr/share/fonts/OTF/MonaspaceRadonNF-ExtraBoldItalic.otf
/usr/share/fonts/OTF/MonaspaceRadonNF-ExtraLight.otf
/usr/share/fonts/OTF/MonaspaceRadonNF-ExtraLightItalic.otf
/usr/share/fonts/OTF/MonaspaceRadonNF-Italic.otf
/usr/share/fonts/OTF/MonaspaceRadonNF-Light.otf
/usr/share/fonts/OTF/MonaspaceRadonNF-LightItalic.otf
/usr/share/fonts/OTF/MonaspaceRadonNF-Medium.otf
/usr/share/fonts/OTF/MonaspaceRadonNF-MediumItalic.otf
/usr/share/fonts/OTF/MonaspaceRadonNF-Regular.otf
/usr/share/fonts/OTF/MonaspaceRadonNF-SemiBold.otf
/usr/share/fonts/OTF/MonaspaceRadonNF-SemiBoldItalic.otf
/usr/share/fonts/OTF/MonaspaceRadonNF-SemiWideBold.otf
/usr/share/fonts/OTF/MonaspaceRadonNF-SemiWideBoldItalic.otf
/usr/share/fonts/OTF/MonaspaceRadonNF-SemiWideExtraBold.otf
/usr/share/fonts/OTF/MonaspaceRadonNF-SemiWideExtraBoldItalic.otf
/usr/share/fonts/OTF/MonaspaceRadonNF-SemiWideExtraLight.otf
/usr/share/fonts/OTF/MonaspaceRadonNF-SemiWideExtraLightItalic.otf
/usr/share/fonts/OTF/MonaspaceRadonNF-SemiWideItalic.otf
/usr/share/fonts/OTF/MonaspaceRadonNF-SemiWideLight.otf
/usr/share/fonts/OTF/MonaspaceRadonNF-SemiWideLightItalic.otf
/usr/share/fonts/OTF/MonaspaceRadonNF-SemiWideMedium.otf
/usr/share/fonts/OTF/MonaspaceRadonNF-SemiWideMediumItalic.otf
/usr/share/fonts/OTF/MonaspaceRadonNF-SemiWideRegular.otf
/usr/share/fonts/OTF/MonaspaceRadonNF-SemiWideSemiBold.otf
/usr/share/fonts/OTF/MonaspaceRadonNF-SemiWideSemiBoldItalic.otf
/usr/share/fonts/OTF/MonaspaceRadonNF-WideBold.otf
/usr/share/fonts/OTF/MonaspaceRadonNF-WideBoldItalic.otf
/usr/share/fonts/OTF/MonaspaceRadonNF-WideExtraBold.otf
/usr/share/fonts/OTF/MonaspaceRadonNF-WideExtraBoldItalic.otf
/usr/share/fonts/OTF/MonaspaceRadonNF-WideExtraLight.otf
/usr/share/fonts/OTF/MonaspaceRadonNF-WideExtraLightItalic.otf
/usr/share/fonts/OTF/MonaspaceRadonNF-WideItalic.otf
/usr/share/fonts/OTF/MonaspaceRadonNF-WideLight.otf
/usr/share/fonts/OTF/MonaspaceRadonNF-WideLightItalic.otf
/usr/share/fonts/OTF/MonaspaceRadonNF-WideMedium.otf
/usr/share/fonts/OTF/MonaspaceRadonNF-WideMediumItalic.otf
/usr/share/fonts/OTF/MonaspaceRadonNF-WideRegular.otf
/usr/share/fonts/OTF/MonaspaceRadonNF-WideSemiBold.otf
/usr/share/fonts/OTF/MonaspaceRadonNF-WideSemiBoldItalic.otf
/usr/share/fonts/OTF/MonaspaceXenonNF-Bold.otf
/usr/share/fonts/OTF/MonaspaceXenonNF-BoldItalic.otf
/usr/share/fonts/OTF/MonaspaceXenonNF-ExtraBold.otf
/usr/share/fonts/OTF/MonaspaceXenonNF-ExtraBoldItalic.otf
/usr/share/fonts/OTF/MonaspaceXenonNF-ExtraLight.otf
/usr/share/fonts/OTF/MonaspaceXenonNF-ExtraLightItalic.otf
/usr/share/fonts/OTF/MonaspaceXenonNF-Italic.otf
/usr/share/fonts/OTF/MonaspaceXenonNF-Light.otf
/usr/share/fonts/OTF/MonaspaceXenonNF-LightItalic.otf
/usr/share/fonts/OTF/MonaspaceXenonNF-Medium.otf
/usr/share/fonts/OTF/MonaspaceXenonNF-MediumItalic.otf
/usr/share/fonts/OTF/MonaspaceXenonNF-Regular.otf
/usr/share/fonts/OTF/MonaspaceXenonNF-SemiBold.otf
/usr/share/fonts/OTF/MonaspaceXenonNF-SemiBoldItalic.otf
/usr/share/fonts/OTF/MonaspaceXenonNF-SemiWideBold.otf
/usr/share/fonts/OTF/MonaspaceXenonNF-SemiWideBoldItalic.otf
/usr/share/fonts/OTF/MonaspaceXenonNF-SemiWideExtraBold.otf
/usr/share/fonts/OTF/MonaspaceXenonNF-SemiWideExtraBoldItalic.otf
/usr/share/fonts/OTF/MonaspaceXenonNF-SemiWideExtraLight.otf
/usr/share/fonts/OTF/MonaspaceXenonNF-SemiWideExtraLightItalic.otf
/usr/share/fonts/OTF/MonaspaceXenonNF-SemiWideItalic.otf
/usr/share/fonts/OTF/MonaspaceXenonNF-SemiWideLight.otf
/usr/share/fonts/OTF/MonaspaceXenonNF-SemiWideLightItalic.otf
/usr/share/fonts/OTF/MonaspaceXenonNF-SemiWideMedium.otf
/usr/share/fonts/OTF/MonaspaceXenonNF-SemiWideMediumItalic.otf
/usr/share/fonts/OTF/MonaspaceXenonNF-SemiWideRegular.otf
/usr/share/fonts/OTF/MonaspaceXenonNF-SemiWideSemiBold.otf
/usr/share/fonts/OTF/MonaspaceXenonNF-SemiWideSemiBoldItalic.otf
/usr/share/fonts/OTF/MonaspaceXenonNF-WideBold.otf
/usr/share/fonts/OTF/MonaspaceXenonNF-WideBoldItalic.otf
/usr/share/fonts/OTF/MonaspaceXenonNF-WideExtraBold.otf
/usr/share/fonts/OTF/MonaspaceXenonNF-WideExtraBoldItalic.otf
/usr/share/fonts/OTF/MonaspaceXenonNF-WideExtraLight.otf
/usr/share/fonts/OTF/MonaspaceXenonNF-WideExtraLightItalic.otf
/usr/share/fonts/OTF/MonaspaceXenonNF-WideItalic.otf
/usr/share/fonts/OTF/MonaspaceXenonNF-WideLight.otf
/usr/share/fonts/OTF/MonaspaceXenonNF-WideLightItalic.otf
/usr/share/fonts/OTF/MonaspaceXenonNF-WideMedium.otf
/usr/share/fonts/OTF/MonaspaceXenonNF-WideMediumItalic.otf
/usr/share/fonts/OTF/MonaspaceXenonNF-WideRegular.otf
/usr/share/fonts/OTF/MonaspaceXenonNF-WideSemiBold.otf
/usr/share/fonts/OTF/MonaspaceXenonNF-WideSemiBoldItalic.otf
/usr/share/fonts/TTF/DejaVuMathTeXGyre.ttf
/usr/share/fonts/TTF/DejaVuSans-Bold.ttf
/usr/share/fonts/TTF/DejaVuSans-BoldOblique.ttf
/usr/share/fonts/TTF/DejaVuSans-ExtraLight.ttf
/usr/share/fonts/TTF/DejaVuSans-Oblique.ttf
/usr/share/fonts/TTF/DejaVuSans.ttf
/usr/share/fonts/TTF/DejaVuSansCondensed-Bold.ttf
/usr/share/fonts/TTF/DejaVuSansCondensed-BoldOblique.ttf
/usr/share/fonts/TTF/DejaVuSansCondensed-Oblique.ttf
/usr/share/fonts/TTF/DejaVuSansCondensed.ttf
/usr/share/fonts/TTF/DejaVuSansMono-Bold.ttf
/usr/share/fonts/TTF/DejaVuSansMono-BoldOblique.ttf
/usr/share/fonts/TTF/DejaVuSansMono-Oblique.ttf
/usr/share/fonts/TTF/DejaVuSansMono.ttf
/usr/share/fonts/TTF/DejaVuSerif-Bold.ttf
/usr/share/fonts/TTF/DejaVuSerif-BoldItalic.ttf
/usr/share/fonts/TTF/DejaVuSerif-Italic.ttf
/usr/share/fonts/TTF/DejaVuSerif.ttf
/usr/share/fonts/TTF/DejaVuSerifCondensed-Bold.ttf
/usr/share/fonts/TTF/DejaVuSerifCondensed-BoldItalic.ttf
/usr/share/fonts/TTF/DejaVuSerifCondensed-Italic.ttf
/usr/share/fonts/TTF/DejaVuSerifCondensed.ttf
/usr/share/fonts/TTF/Hack-Bold.ttf
/usr/share/fonts/TTF/Hack-BoldItalic.ttf
/usr/share/fonts/TTF/Hack-Italic.ttf
/usr/share/fonts/TTF/Hack-Regular.ttf
/usr/share/fonts/TTF/Roboto-Black.ttf
/usr/share/fonts/TTF/Roboto-BlackItalic.ttf
/usr/share/fonts/TTF/Roboto-Bold.ttf
/usr/share/fonts/TTF/Roboto-BoldItalic.ttf
/usr/share/fonts/TTF/Roboto-Italic.ttf
/usr/share/fonts/TTF/Roboto-Light.ttf
/usr/share/fonts/TTF/Roboto-LightItalic.ttf
/usr/share/fonts/TTF/Roboto-Medium.ttf
/usr/share/fonts/TTF/Roboto-MediumItalic.ttf
/usr/share/fonts/TTF/Roboto-Regular.ttf
/usr/share/fonts/TTF/Roboto-Thin.ttf
/usr/share/fonts/TTF/Roboto-ThinItalic.ttf
/usr/share/fonts/TTF/RobotoCondensed-Bold.ttf
/usr/share/fonts/TTF/RobotoCondensed-BoldItalic.ttf
/usr/share/fonts/TTF/RobotoCondensed-Italic.ttf
/usr/share/fonts/TTF/RobotoCondensed-Light.ttf
/usr/share/fonts/TTF/RobotoCondensed-LightItalic.ttf
/usr/share/fonts/TTF/RobotoCondensed-Medium.ttf
/usr/share/fonts/TTF/RobotoCondensed-MediumItalic.ttf
/usr/share/fonts/TTF/RobotoCondensed-Regular.ttf
/usr/share/fonts/TTF/SymbolsNerdFont-Regular.ttf
/usr/share/fonts/TTF/SymbolsNerdFontMono-Regular.ttf
/usr/share/fonts/carlito/Carlito-Bold.ttf
/usr/share/fonts/carlito/Carlito-BoldItalic.ttf
/usr/share/fonts/carlito/Carlito-Italic.ttf
/usr/share/fonts/carlito/Carlito-Regular.ttf
/usr/share/fonts/encodings/adobe-dingbats.enc.gz
/usr/share/fonts/encodings/adobe-standard.enc.gz
/usr/share/fonts/encodings/adobe-symbol.enc.gz
/usr/share/fonts/encodings/armscii-8.enc.gz
/usr/share/fonts/encodings/ascii-0.enc.gz
/usr/share/fonts/encodings/dec-special.enc.gz
/usr/share/fonts/encodings/encodings.dir
/usr/share/fonts/encodings/ibm-cp437.enc.gz
/usr/share/fonts/encodings/ibm-cp850.enc.gz
/usr/share/fonts/encodings/ibm-cp852.enc.gz
/usr/share/fonts/encodings/ibm-cp866.enc.gz
/usr/share/fonts/encodings/iso8859-11.enc.gz
/usr/share/fonts/encodings/iso8859-13.enc.gz
/usr/share/fonts/encodings/iso8859-14.enc.gz
/usr/share/fonts/encodings/iso8859-16.enc.gz
/usr/share/fonts/encodings/iso8859-6.16.enc.gz
/usr/share/fonts/encodings/iso8859-6.8x.enc.gz
/usr/share/fonts/encodings/large/big5.eten-0.enc.gz
/usr/share/fonts/encodings/large/big5hkscs-0.enc.gz
/usr/share/fonts/encodings/large/cns11643-1.enc.gz
/usr/share/fonts/encodings/large/cns11643-2.enc.gz
/usr/share/fonts/encodings/large/cns11643-3.enc.gz
/usr/share/fonts/encodings/large/encodings.dir
/usr/share/fonts/encodings/large/gb18030-0.enc.gz
/usr/share/fonts/encodings/large/gb18030.2000-0.enc.gz
/usr/share/fonts/encodings/large/gb18030.2000-1.enc.gz
/usr/share/fonts/encodings/large/gb2312.1980-0.enc.gz
/usr/share/fonts/encodings/large/gbk-0.enc.gz
/usr/share/fonts/encodings/large/jisx0201.1976-0.enc.gz
/usr/share/fonts/encodings/large/jisx0208.1990-0.enc.gz
/usr/share/fonts/encodings/large/jisx0212.1990-0.enc.gz
/usr/share/fonts/encodings/large/ksc5601.1987-0.enc.gz
/usr/share/fonts/encodings/large/ksc5601.1992-3.enc.gz
/usr/share/fonts/encodings/large/sun.unicode.india-0.enc.gz
/usr/share/fonts/encodings/microsoft-cp1250.enc.gz
/usr/share/fonts/encodings/microsoft-cp1251.enc.gz
/usr/share/fonts/encodings/microsoft-cp1252.enc.gz
/usr/share/fonts/encodings/microsoft-cp1253.enc.gz
/usr/share/fonts/encodings/microsoft-cp1254.enc.gz
/usr/share/fonts/encodings/microsoft-cp1255.enc.gz
/usr/share/fonts/encodings/microsoft-cp1256.enc.gz
/usr/share/fonts/encodings/microsoft-cp1257.enc.gz
/usr/share/fonts/encodings/microsoft-cp1258.enc.gz
/usr/share/fonts/encodings/microsoft-win3.1.enc.gz
/usr/share/fonts/encodings/mulearabic-0.enc.gz
/usr/share/fonts/encodings/mulearabic-1.enc.gz
/usr/share/fonts/encodings/mulearabic-2.enc.gz
/usr/share/fonts/encodings/mulelao-1.enc.gz
/usr/share/fonts/encodings/suneu-greek.enc.gz
/usr/share/fonts/encodings/tcvn-0.enc.gz
/usr/share/fonts/encodings/tis620-2.enc.gz
/usr/share/fonts/encodings/viscii1.1-1.enc.gz
/usr/share/fonts/gnu-free/FreeMono.otf
/usr/share/fonts/gnu-free/FreeMonoBold.otf
/usr/share/fonts/gnu-free/FreeMonoBoldOblique.otf
/usr/share/fonts/gnu-free/FreeMonoOblique.otf
/usr/share/fonts/gnu-free/FreeSans.otf
/usr/share/fonts/gnu-free/FreeSansBold.otf
/usr/share/fonts/gnu-free/FreeSansBoldOblique.otf
/usr/share/fonts/gnu-free/FreeSansOblique.otf
/usr/share/fonts/gnu-free/FreeSerif.otf
/usr/share/fonts/gnu-free/FreeSerifBold.otf
/usr/share/fonts/gnu-free/FreeSerifBoldItalic.otf
/usr/share/fonts/gnu-free/FreeSerifItalic.otf
/usr/share/fonts/gsfonts/C059-BdIta.otf
/usr/share/fonts/gsfonts/C059-Bold.otf
/usr/share/fonts/gsfonts/C059-Italic.otf
/usr/share/fonts/gsfonts/C059-Roman.otf
/usr/share/fonts/gsfonts/D050000L.otf
/usr/share/fonts/gsfonts/NimbusMonoPS-Bold.otf
/usr/share/fonts/gsfonts/NimbusMonoPS-BoldItalic.otf
/usr/share/fonts/gsfonts/NimbusMonoPS-Italic.otf
/usr/share/fonts/gsfonts/NimbusMonoPS-Regular.otf
/usr/share/fonts/gsfonts/NimbusRoman-Bold.otf
/usr/share/fonts/gsfonts/NimbusRoman-BoldItalic.otf
/usr/share/fonts/gsfonts/NimbusRoman-Italic.otf
/usr/share/fonts/gsfonts/NimbusRoman-Regular.otf
/usr/share/fonts/gsfonts/NimbusSans-Bold.otf
/usr/share/fonts/gsfonts/NimbusSans-BoldItalic.otf
/usr/share/fonts/gsfonts/NimbusSans-Italic.otf
/usr/share/fonts/gsfonts/NimbusSans-Regular.otf
/usr/share/fonts/gsfonts/NimbusSansNarrow-Bold.otf
/usr/share/fonts/gsfonts/NimbusSansNarrow-BoldOblique.otf
/usr/share/fonts/gsfonts/NimbusSansNarrow-Oblique.otf
/usr/share/fonts/gsfonts/NimbusSansNarrow-Regular.otf
/usr/share/fonts/gsfonts/P052-Bold.otf
/usr/share/fonts/gsfonts/P052-BoldItalic.otf
/usr/share/fonts/gsfonts/P052-Italic.otf
/usr/share/fonts/gsfonts/P052-Roman.otf
/usr/share/fonts/gsfonts/StandardSymbolsPS.otf
/usr/share/fonts/gsfonts/URWBookman-Demi.otf
/usr/share/fonts/gsfonts/URWBookman-DemiItalic.otf
/usr/share/fonts/gsfonts/URWBookman-Light.otf
/usr/share/fonts/gsfonts/URWBookman-LightItalic.otf
/usr/share/fonts/gsfonts/URWGothic-Book.otf
/usr/share/fonts/gsfonts/URWGothic-BookOblique.otf
/usr/share/fonts/gsfonts/URWGothic-Demi.otf
/usr/share/fonts/gsfonts/URWGothic-DemiOblique.otf
/usr/share/fonts/gsfonts/Z003-MediumItalic.otf
/usr/share/fonts/liberation/LiberationMono-Bold.ttf
/usr/share/fonts/liberation/LiberationMono-BoldItalic.ttf
/usr/share/fonts/liberation/LiberationMono-Italic.ttf
/usr/share/fonts/liberation/LiberationMono-Regular.ttf
/usr/share/fonts/liberation/LiberationSans-Bold.ttf
/usr/share/fonts/liberation/LiberationSans-BoldItalic.ttf
/usr/share/fonts/liberation/LiberationSans-Italic.ttf
/usr/share/fonts/liberation/LiberationSans-Regular.ttf
/usr/share/fonts/liberation/LiberationSerif-Bold.ttf
/usr/share/fonts/liberation/LiberationSerif-BoldItalic.ttf
/usr/share/fonts/liberation/LiberationSerif-Italic.ttf
/usr/share/fonts/liberation/LiberationSerif-Regular.ttf
/usr/share/fonts/misc/mtx.pcf
/usr/share/fonts/noto-cjk/NotoSansCJK-Black.ttc
/usr/share/fonts/noto-cjk/NotoSansCJK-Bold.ttc
/usr/share/fonts/noto-cjk/NotoSansCJK-DemiLight.ttc
/usr/share/fonts/noto-cjk/NotoSansCJK-Light.ttc
/usr/share/fonts/noto-cjk/NotoSansCJK-Medium.ttc
/usr/share/fonts/noto-cjk/NotoSansCJK-Regular.ttc
/usr/share/fonts/noto-cjk/NotoSansCJK-Thin.ttc
/usr/share/fonts/noto-cjk/NotoSerifCJK-Black.ttc
/usr/share/fonts/noto-cjk/NotoSerifCJK-Bold.ttc
/usr/share/fonts/noto-cjk/NotoSerifCJK-ExtraLight.ttc
/usr/share/fonts/noto-cjk/NotoSerifCJK-Light.ttc
/usr/share/fonts/noto-cjk/NotoSerifCJK-Medium.ttc
/usr/share/fonts/noto-cjk/NotoSerifCJK-Regular.ttc
/usr/share/fonts/noto-cjk/NotoSerifCJK-SemiBold.ttc
/usr/share/fonts/noto/NotoColorEmoji.ttf
/usr/share/fonts/noto/NotoFangsongKSSRotated-Regular.ttf
/usr/share/fonts/noto/NotoFangsongKSSVertical-Regular.ttf
/usr/share/fonts/noto/NotoKufiArabic-Black.ttf
/usr/share/fonts/noto/NotoKufiArabic-Bold.ttf
/usr/share/fonts/noto/NotoKufiArabic-Light.ttf
/usr/share/fonts/noto/NotoKufiArabic-Medium.ttf
/usr/share/fonts/noto/NotoKufiArabic-Regular.ttf
/usr/share/fonts/noto/NotoKufiArabic-Thin.ttf
/usr/share/fonts/noto/NotoMusic-Regular.ttf
/usr/share/fonts/noto/NotoNaskhArabic-Bold.ttf
/usr/share/fonts/noto/NotoNaskhArabic-Medium.ttf
/usr/share/fonts/noto/NotoNaskhArabic-Regular.ttf
/usr/share/fonts/noto/NotoNaskhArabicUI-Bold.ttf
/usr/share/fonts/noto/NotoNaskhArabicUI-Medium.ttf
/usr/share/fonts/noto/NotoNaskhArabicUI-Regular.ttf
/usr/share/fonts/noto/NotoNastaliqUrdu-Bold.ttf
/usr/share/fonts/noto/NotoNastaliqUrdu-Regular.ttf
/usr/share/fonts/noto/NotoRashiHebrew-Black.ttf
/usr/share/fonts/noto/NotoRashiHebrew-Bold.ttf
/usr/share/fonts/noto/NotoRashiHebrew-Light.ttf
/usr/share/fonts/noto/NotoRashiHebrew-Medium.ttf
/usr/share/fonts/noto/NotoRashiHebrew-Regular.ttf
/usr/share/fonts/noto/NotoRashiHebrew-Thin.ttf
/usr/share/fonts/noto/NotoSans-Black.ttf
/usr/share/fonts/noto/NotoSans-BlackItalic.ttf
/usr/share/fonts/noto/NotoSans-Bold.ttf
/usr/share/fonts/noto/NotoSans-BoldItalic.ttf
/usr/share/fonts/noto/NotoSans-Italic.ttf
/usr/share/fonts/noto/NotoSans-Light.ttf
/usr/share/fonts/noto/NotoSans-LightItalic.ttf
/usr/share/fonts/noto/NotoSans-Medium.ttf
/usr/share/fonts/noto/NotoSans-MediumItalic.ttf
/usr/share/fonts/noto/NotoSans-Regular.ttf
/usr/share/fonts/noto/NotoSans-Thin.ttf
/usr/share/fonts/noto/NotoSans-ThinItalic.ttf
/usr/share/fonts/noto/NotoSansAdlam-Bold.ttf
/usr/share/fonts/noto/NotoSansAdlam-Regular.ttf
/usr/share/fonts/noto/NotoSansAdlamUnjoined-Bold.ttf
/usr/share/fonts/noto/NotoSansAdlamUnjoined-Regular.ttf
/usr/share/fonts/noto/NotoSansAnatolianHieroglyphs-Regular.ttf
/usr/share/fonts/noto/NotoSansArabic-Black.ttf
/usr/share/fonts/noto/NotoSansArabic-Bold.ttf
/usr/share/fonts/noto/NotoSansArabic-Light.ttf
/usr/share/fonts/noto/NotoSansArabic-Medium.ttf
/usr/share/fonts/noto/NotoSansArabic-Regular.ttf
/usr/share/fonts/noto/NotoSansArabic-Thin.ttf
/usr/share/fonts/noto/NotoSansArabicUI-Black.ttf
/usr/share/fonts/noto/NotoSansArabicUI-Bold.ttf
/usr/share/fonts/noto/NotoSansArabicUI-Light.ttf
/usr/share/fonts/noto/NotoSansArabicUI-Medium.ttf
/usr/share/fonts/noto/NotoSansArabicUI-Regular.ttf
/usr/share/fonts/noto/NotoSansArabicUI-Thin.ttf
/usr/share/fonts/noto/NotoSansArmenian-Black.ttf
/usr/share/fonts/noto/NotoSansArmenian-Bold.ttf
/usr/share/fonts/noto/NotoSansArmenian-Light.ttf
/usr/share/fonts/noto/NotoSansArmenian-Medium.ttf
/usr/share/fonts/noto/NotoSansArmenian-Regular.ttf
/usr/share/fonts/noto/NotoSansArmenian-Thin.ttf
/usr/share/fonts/noto/NotoSansAvestan-Regular.ttf
/usr/share/fonts/noto/NotoSansBalinese-Bold.ttf
/usr/share/fonts/noto/NotoSansBalinese-Medium.ttf
/usr/share/fonts/noto/NotoSansBalinese-Regular.ttf
/usr/share/fonts/noto/NotoSansBamum-Bold.ttf
/usr/share/fonts/noto/NotoSansBamum-Medium.ttf
/usr/share/fonts/noto/NotoSansBamum-Regular.ttf
/usr/share/fonts/noto/NotoSansBassaVah-Bold.ttf
/usr/share/fonts/noto/NotoSansBassaVah-Medium.ttf
/usr/share/fonts/noto/NotoSansBassaVah-Regular.ttf
/usr/share/fonts/noto/NotoSansBatak-Regular.ttf
/usr/share/fonts/noto/NotoSansBengali-Black.ttf
/usr/share/fonts/noto/NotoSansBengali-Bold.ttf
/usr/share/fonts/noto/NotoSansBengali-Light.ttf
/usr/share/fonts/noto/NotoSansBengali-Medium.ttf
/usr/share/fonts/noto/NotoSansBengali-Regular.ttf
/usr/share/fonts/noto/NotoSansBengali-Thin.ttf
/usr/share/fonts/noto/NotoSansBengaliUI-Black.ttf
/usr/share/fonts/noto/NotoSansBengaliUI-Bold.ttf
/usr/share/fonts/noto/NotoSansBengaliUI-Light.ttf
/usr/share/fonts/noto/NotoSansBengaliUI-Medium.ttf
/usr/share/fonts/noto/NotoSansBengaliUI-Regular.ttf
/usr/share/fonts/noto/NotoSansBengaliUI-Thin.ttf
/usr/share/fonts/noto/NotoSansBhaiksuki-Regular.ttf
/usr/share/fonts/noto/NotoSansBrahmi-Regular.ttf
/usr/share/fonts/noto/NotoSansBuginese-Regular.ttf
/usr/share/fonts/noto/NotoSansBuhid-Regular.ttf
/usr/share/fonts/noto/NotoSansCanadianAboriginal-Black.ttf
/usr/share/fonts/noto/NotoSansCanadianAboriginal-Bold.ttf
/usr/share/fonts/noto/NotoSansCanadianAboriginal-Light.ttf
/usr/share/fonts/noto/NotoSansCanadianAboriginal-Medium.ttf
/usr/share/fonts/noto/NotoSansCanadianAboriginal-Regular.ttf
/usr/share/fonts/noto/NotoSansCanadianAboriginal-Thin.ttf
/usr/share/fonts/noto/NotoSansCarian-Regular.ttf
/usr/share/fonts/noto/NotoSansCaucasianAlbanian-Regular.ttf
/usr/share/fonts/noto/NotoSansChakma-Regular.ttf
/usr/share/fonts/noto/NotoSansCham-Black.ttf
/usr/share/fonts/noto/NotoSansCham-Bold.ttf
/usr/share/fonts/noto/NotoSansCham-Light.ttf
/usr/share/fonts/noto/NotoSansCham-Medium.ttf
/usr/share/fonts/noto/NotoSansCham-Regular.ttf
/usr/share/fonts/noto/NotoSansCham-Thin.ttf
/usr/share/fonts/noto/NotoSansCherokee-Black.ttf
/usr/share/fonts/noto/NotoSansCherokee-Bold.ttf
/usr/share/fonts/noto/NotoSansCherokee-Light.ttf
/usr/share/fonts/noto/NotoSansCherokee-Medium.ttf
/usr/share/fonts/noto/NotoSansCherokee-Regular.ttf
/usr/share/fonts/noto/NotoSansCherokee-Thin.ttf
/usr/share/fonts/noto/NotoSansChorasmian-Regular.ttf
/usr/share/fonts/noto/NotoSansCoptic-Regular.ttf
/usr/share/fonts/noto/NotoSansCuneiform-Regular.ttf
/usr/share/fonts/noto/NotoSansCypriot-Regular.ttf
/usr/share/fonts/noto/NotoSansCyproMinoan-Regular.ttf
/usr/share/fonts/noto/NotoSansDeseret-Regular.ttf
/usr/share/fonts/noto/NotoSansDevanagari-Black.ttf
/usr/share/fonts/noto/NotoSansDevanagari-Bold.ttf
/usr/share/fonts/noto/NotoSansDevanagari-Light.ttf
/usr/share/fonts/noto/NotoSansDevanagari-Medium.ttf
/usr/share/fonts/noto/NotoSansDevanagari-Regular.ttf
/usr/share/fonts/noto/NotoSansDevanagari-Thin.ttf
/usr/share/fonts/noto/NotoSansDevanagariUI-Black.ttf
/usr/share/fonts/noto/NotoSansDevanagariUI-Bold.ttf
/usr/share/fonts/noto/NotoSansDevanagariUI-Light.ttf
/usr/share/fonts/noto/NotoSansDevanagariUI-Medium.ttf
/usr/share/fonts/noto/NotoSansDevanagariUI-Regular.ttf
/usr/share/fonts/noto/NotoSansDevanagariUI-Thin.ttf
/usr/share/fonts/noto/NotoSansDuployan-Bold.ttf
/usr/share/fonts/noto/NotoSansDuployan-Regular.ttf
/usr/share/fonts/noto/NotoSansEgyptianHieroglyphs-Regular.ttf
/usr/share/fonts/noto/NotoSansElbasan-Regular.ttf
/usr/share/fonts/noto/NotoSansElymaic-Regular.ttf
/usr/share/fonts/noto/NotoSansEthiopic-Black.ttf
/usr/share/fonts/noto/NotoSansEthiopic-Bold.ttf
/usr/share/fonts/noto/NotoSansEthiopic-Light.ttf
/usr/share/fonts/noto/NotoSansEthiopic-Medium.ttf
/usr/share/fonts/noto/NotoSansEthiopic-Regular.ttf
/usr/share/fonts/noto/NotoSansEthiopic-Thin.ttf
/usr/share/fonts/noto/NotoSansGeorgian-Black.ttf
/usr/share/fonts/noto/NotoSansGeorgian-Bold.ttf
/usr/share/fonts/noto/NotoSansGeorgian-Light.ttf
/usr/share/fonts/noto/NotoSansGeorgian-Medium.ttf
/usr/share/fonts/noto/NotoSansGeorgian-Regular.ttf
/usr/share/fonts/noto/NotoSansGeorgian-Thin.ttf
/usr/share/fonts/noto/NotoSansGlagolitic-Regular.ttf
/usr/share/fonts/noto/NotoSansGothic-Regular.ttf
/usr/share/fonts/noto/NotoSansGrantha-Regular.ttf
/usr/share/fonts/noto/NotoSansGujarati-Black.ttf
/usr/share/fonts/noto/NotoSansGujarati-Bold.ttf
/usr/share/fonts/noto/NotoSansGujarati-Light.ttf
/usr/share/fonts/noto/NotoSansGujarati-Medium.ttf
/usr/share/fonts/noto/NotoSansGujarati-Regular.ttf
/usr/share/fonts/noto/NotoSansGujarati-Thin.ttf
/usr/share/fonts/noto/NotoSansGujaratiUI-Black.ttf
/usr/share/fonts/noto/NotoSansGujaratiUI-Bold.ttf
/usr/share/fonts/noto/NotoSansGujaratiUI-Light.ttf
/usr/share/fonts/noto/NotoSansGujaratiUI-Medium.ttf
/usr/share/fonts/noto/NotoSansGujaratiUI-Regular.ttf
/usr/share/fonts/noto/NotoSansGujaratiUI-Thin.ttf
/usr/share/fonts/noto/NotoSansGunjalaGondi-Bold.ttf
/usr/share/fonts/noto/NotoSansGunjalaGondi-Medium.ttf
/usr/share/fonts/noto/NotoSansGunjalaGondi-Regular.ttf
/usr/share/fonts/noto/NotoSansGurmukhi-Black.ttf
/usr/share/fonts/noto/NotoSansGurmukhi-Bold.ttf
/usr/share/fonts/noto/NotoSansGurmukhi-Light.ttf
/usr/share/fonts/noto/NotoSansGurmukhi-Medium.ttf
/usr/share/fonts/noto/NotoSansGurmukhi-Regular.ttf
/usr/share/fonts/noto/NotoSansGurmukhi-Thin.ttf
/usr/share/fonts/noto/NotoSansGurmukhiUI-Black.ttf
/usr/share/fonts/noto/NotoSansGurmukhiUI-Bold.ttf
/usr/share/fonts/noto/NotoSansGurmukhiUI-Light.ttf
/usr/share/fonts/noto/NotoSansGurmukhiUI-Medium.ttf
/usr/share/fonts/noto/NotoSansGurmukhiUI-Regular.ttf
/usr/share/fonts/noto/NotoSansGurmukhiUI-Thin.ttf
/usr/share/fonts/noto/NotoSansHanifiRohingya-Bold.ttf
/usr/share/fonts/noto/NotoSansHanifiRohingya-Medium.ttf
/usr/share/fonts/noto/NotoSansHanifiRohingya-Regular.ttf
/usr/share/fonts/noto/NotoSansHanunoo-Regular.ttf
/usr/share/fonts/noto/NotoSansHatran-Regular.ttf
/usr/share/fonts/noto/NotoSansHebrew-Black.ttf
/usr/share/fonts/noto/NotoSansHebrew-Bold.ttf
/usr/share/fonts/noto/NotoSansHebrew-Light.ttf
/usr/share/fonts/noto/NotoSansHebrew-Medium.ttf
/usr/share/fonts/noto/NotoSansHebrew-Regular.ttf
/usr/share/fonts/noto/NotoSansHebrew-Thin.ttf
/usr/share/fonts/noto/NotoSansImperialAramaic-Regular.ttf
/usr/share/fonts/noto/NotoSansIndicSiyaqNumbers-Regular.ttf
/usr/share/fonts/noto/NotoSansInscriptionalPahlavi-Regular.ttf
/usr/share/fonts/noto/NotoSansInscriptionalParthian-Regular.ttf
/usr/share/fonts/noto/NotoSansJavanese-Bold.ttf
/usr/share/fonts/noto/NotoSansJavanese-Regular.ttf
/usr/share/fonts/noto/NotoSansKaithi-Regular.ttf
/usr/share/fonts/noto/NotoSansKannada-Black.ttf
/usr/share/fonts/noto/NotoSansKannada-Bold.ttf
/usr/share/fonts/noto/NotoSansKannada-Light.ttf
/usr/share/fonts/noto/NotoSansKannada-Medium.ttf
/usr/share/fonts/noto/NotoSansKannada-Regular.ttf
/usr/share/fonts/noto/NotoSansKannada-Thin.ttf
/usr/share/fonts/noto/NotoSansKannadaUI-Black.ttf
/usr/share/fonts/noto/NotoSansKannadaUI-Bold.ttf
/usr/share/fonts/noto/NotoSansKannadaUI-Light.ttf
/usr/share/fonts/noto/NotoSansKannadaUI-Medium.ttf
/usr/share/fonts/noto/NotoSansKannadaUI-Regular.ttf
/usr/share/fonts/noto/NotoSansKannadaUI-Thin.ttf
/usr/share/fonts/noto/NotoSansKawi-Bold.ttf
/usr/share/fonts/noto/NotoSansKawi-Regular.ttf
/usr/share/fonts/noto/NotoSansKayahLi-Bold.ttf
/usr/share/fonts/noto/NotoSansKayahLi-Medium.ttf
/usr/share/fonts/noto/NotoSansKayahLi-Regular.ttf
/usr/share/fonts/noto/NotoSansKharoshthi-Regular.ttf
/usr/share/fonts/noto/NotoSansKhmer-Black.ttf
/usr/share/fonts/noto/NotoSansKhmer-Bold.ttf
/usr/share/fonts/noto/NotoSansKhmer-Light.ttf
/usr/share/fonts/noto/NotoSansKhmer-Medium.ttf
/usr/share/fonts/noto/NotoSansKhmer-Regular.ttf
/usr/share/fonts/noto/NotoSansKhmer-Thin.ttf
/usr/share/fonts/noto/NotoSansKhojki-Regular.ttf
/usr/share/fonts/noto/NotoSansKhudawadi-Regular.ttf
/usr/share/fonts/noto/NotoSansLao-Black.ttf
/usr/share/fonts/noto/NotoSansLao-Bold.ttf
/usr/share/fonts/noto/NotoSansLao-Light.ttf
/usr/share/fonts/noto/NotoSansLao-Medium.ttf
/usr/share/fonts/noto/NotoSansLao-Regular.ttf
/usr/share/fonts/noto/NotoSansLao-Thin.ttf
/usr/share/fonts/noto/NotoSansLaoLooped-Black.ttf
/usr/share/fonts/noto/NotoSansLaoLooped-Bold.ttf
/usr/share/fonts/noto/NotoSansLaoLooped-Light.ttf
/usr/share/fonts/noto/NotoSansLaoLooped-Medium.ttf
/usr/share/fonts/noto/NotoSansLaoLooped-Regular.ttf
/usr/share/fonts/noto/NotoSansLaoLooped-Thin.ttf
/usr/share/fonts/noto/NotoSansLepcha-Regular.ttf
/usr/share/fonts/noto/NotoSansLimbu-Regular.ttf
/usr/share/fonts/noto/NotoSansLinearA-Regular.ttf
/usr/share/fonts/noto/NotoSansLinearB-Regular.ttf
/usr/share/fonts/noto/NotoSansLisu-Bold.ttf
/usr/share/fonts/noto/NotoSansLisu-Medium.ttf
/usr/share/fonts/noto/NotoSansLisu-Regular.ttf
/usr/share/fonts/noto/NotoSansLycian-Regular.ttf
/usr/share/fonts/noto/NotoSansLydian-Regular.ttf
/usr/share/fonts/noto/NotoSansMahajani-Regular.ttf
/usr/share/fonts/noto/NotoSansMalayalam-Black.ttf
/usr/share/fonts/noto/NotoSansMalayalam-Bold.ttf
/usr/share/fonts/noto/NotoSansMalayalam-Light.ttf
/usr/share/fonts/noto/NotoSansMalayalam-Medium.ttf
/usr/share/fonts/noto/NotoSansMalayalam-Regular.ttf
/usr/share/fonts/noto/NotoSansMalayalam-Thin.ttf
/usr/share/fonts/noto/NotoSansMalayalamUI-Black.ttf
/usr/share/fonts/noto/NotoSansMalayalamUI-Bold.ttf
/usr/share/fonts/noto/NotoSansMalayalamUI-Light.ttf
/usr/share/fonts/noto/NotoSansMalayalamUI-Medium.ttf
/usr/share/fonts/noto/NotoSansMalayalamUI-Regular.ttf
/usr/share/fonts/noto/NotoSansMalayalamUI-Thin.ttf
/usr/share/fonts/noto/NotoSansMandaic-Regular.ttf
/usr/share/fonts/noto/NotoSansManichaean-Regular.ttf
/usr/share/fonts/noto/NotoSansMarchen-Regular.ttf
/usr/share/fonts/noto/NotoSansMasaramGondi-Regular.ttf
/usr/share/fonts/noto/NotoSansMath-Regular.ttf
/usr/share/fonts/noto/NotoSansMayanNumerals-Regular.ttf
/usr/share/fonts/noto/NotoSansMedefaidrin-Bold.ttf
/usr/share/fonts/noto/NotoSansMedefaidrin-Medium.ttf
/usr/share/fonts/noto/NotoSansMedefaidrin-Regular.ttf
/usr/share/fonts/noto/NotoSansMeeteiMayek-Black.ttf
/usr/share/fonts/noto/NotoSansMeeteiMayek-Bold.ttf
/usr/share/fonts/noto/NotoSansMeeteiMayek-Light.ttf
/usr/share/fonts/noto/NotoSansMeeteiMayek-Medium.ttf
/usr/share/fonts/noto/NotoSansMeeteiMayek-Regular.ttf
/usr/share/fonts/noto/NotoSansMeeteiMayek-Thin.ttf
/usr/share/fonts/noto/NotoSansMendeKikakui-Regular.ttf
/usr/share/fonts/noto/NotoSansMeroitic-Regular.ttf
/usr/share/fonts/noto/NotoSansMiao-Regular.ttf
/usr/share/fonts/noto/NotoSansModi-Regular.ttf
/usr/share/fonts/noto/NotoSansMongolian-Regular.ttf
/usr/share/fonts/noto/NotoSansMono-Black.ttf
/usr/share/fonts/noto/NotoSansMono-Bold.ttf
/usr/share/fonts/noto/NotoSansMono-Light.ttf
/usr/share/fonts/noto/NotoSansMono-Medium.ttf
/usr/share/fonts/noto/NotoSansMono-Regular.ttf
/usr/share/fonts/noto/NotoSansMono-Thin.ttf
/usr/share/fonts/noto/NotoSansMro-Regular.ttf
/usr/share/fonts/noto/NotoSansMultani-Regular.ttf
/usr/share/fonts/noto/NotoSansMyanmar-Black.ttf
/usr/share/fonts/noto/NotoSansMyanmar-Bold.ttf
/usr/share/fonts/noto/NotoSansMyanmar-Light.ttf
/usr/share/fonts/noto/NotoSansMyanmar-Medium.ttf
/usr/share/fonts/noto/NotoSansMyanmar-Regular.ttf
/usr/share/fonts/noto/NotoSansMyanmar-Thin.ttf
/usr/share/fonts/noto/NotoSansNKo-Regular.ttf
/usr/share/fonts/noto/NotoSansNKoUnjoined-Bold.ttf
/usr/share/fonts/noto/NotoSansNKoUnjoined-Regular.ttf
/usr/share/fonts/noto/NotoSansNabataean-Regular.ttf
/usr/share/fonts/noto/NotoSansNagMundari-Bold.ttf
/usr/share/fonts/noto/NotoSansNagMundari-Regular.ttf
/usr/share/fonts/noto/NotoSansNandinagari-Regular.ttf
/usr/share/fonts/noto/NotoSansNewTaiLue-Bold.ttf
/usr/share/fonts/noto/NotoSansNewTaiLue-Medium.ttf
/usr/share/fonts/noto/NotoSansNewTaiLue-Regular.ttf
/usr/share/fonts/noto/NotoSansNewa-Regular.ttf
/usr/share/fonts/noto/NotoSansNushu-Regular.ttf
/usr/share/fonts/noto/NotoSansOgham-Regular.ttf
/usr/share/fonts/noto/NotoSansOlChiki-Bold.ttf
/usr/share/fonts/noto/NotoSansOlChiki-Medium.ttf
/usr/share/fonts/noto/NotoSansOlChiki-Regular.ttf
/usr/share/fonts/noto/NotoSansOldHungarian-Regular.ttf
/usr/share/fonts/noto/NotoSansOldItalic-Regular.ttf
/usr/share/fonts/noto/NotoSansOldNorthArabian-Regular.ttf
/usr/share/fonts/noto/NotoSansOldPermic-Regular.ttf
/usr/share/fonts/noto/NotoSansOldPersian-Regular.ttf
/usr/share/fonts/noto/NotoSansOldSogdian-Regular.ttf
/usr/share/fonts/noto/NotoSansOldSouthArabian-Regular.ttf
/usr/share/fonts/noto/NotoSansOldTurkic-Regular.ttf
/usr/share/fonts/noto/NotoSansOriya-Black.ttf
/usr/share/fonts/noto/NotoSansOriya-Bold.ttf
/usr/share/fonts/noto/NotoSansOriya-Regular.ttf
/usr/share/fonts/noto/NotoSansOriya-Thin.ttf
/usr/share/fonts/noto/NotoSansOsage-Regular.ttf
/usr/share/fonts/noto/NotoSansOsmanya-Regular.ttf
/usr/share/fonts/noto/NotoSansPahawhHmong-Regular.ttf
/usr/share/fonts/noto/NotoSansPalmyrene-Regular.ttf
/usr/share/fonts/noto/NotoSansPauCinHau-Regular.ttf
/usr/share/fonts/noto/NotoSansPhagsPa-Regular.ttf
/usr/share/fonts/noto/NotoSansPhoenician-Regular.ttf
/usr/share/fonts/noto/NotoSansPsalterPahlavi-Regular.ttf
/usr/share/fonts/noto/NotoSansRejang-Regular.ttf
/usr/share/fonts/noto/NotoSansRunic-Regular.ttf
/usr/share/fonts/noto/NotoSansSamaritan-Regular.ttf
/usr/share/fonts/noto/NotoSansSaurashtra-Regular.ttf
/usr/share/fonts/noto/NotoSansSharada-Regular.ttf
/usr/share/fonts/noto/NotoSansShavian-Regular.ttf
/usr/share/fonts/noto/NotoSansSiddham-Regular.ttf
/usr/share/fonts/noto/NotoSansSignWriting-Regular.ttf
/usr/share/fonts/noto/NotoSansSinhala-Black.ttf
/usr/share/fonts/noto/NotoSansSinhala-BlackCondensed.ttf
/usr/share/fonts/noto/NotoSansSinhala-Bold.ttf
/usr/share/fonts/noto/NotoSansSinhala-Light.ttf
/usr/share/fonts/noto/NotoSansSinhala-Medium.ttf
/usr/share/fonts/noto/NotoSansSinhala-Regular.ttf
/usr/share/fonts/noto/NotoSansSinhala-Thin.ttf
/usr/share/fonts/noto/NotoSansSinhala-ThinCondensed.ttf
/usr/share/fonts/noto/NotoSansSinhalaUI-Black.ttf
/usr/share/fonts/noto/NotoSansSinhalaUI-Bold.ttf
/usr/share/fonts/noto/NotoSansSinhalaUI-Light.ttf
/usr/share/fonts/noto/NotoSansSinhalaUI-Medium.ttf
/usr/share/fonts/noto/NotoSansSinhalaUI-Regular.ttf
/usr/share/fonts/noto/NotoSansSinhalaUI-Thin.ttf
/usr/share/fonts/noto/NotoSansSogdian-Regular.ttf
/usr/share/fonts/noto/NotoSansSoraSompeng-Bold.ttf
/usr/share/fonts/noto/NotoSansSoraSompeng-Medium.ttf
/usr/share/fonts/noto/NotoSansSoraSompeng-Regular.ttf
/usr/share/fonts/noto/NotoSansSoyombo-Regular.ttf
/usr/share/fonts/noto/NotoSansSundanese-Bold.ttf
/usr/share/fonts/noto/NotoSansSundanese-Medium.ttf
/usr/share/fonts/noto/NotoSansSundanese-Regular.ttf
/usr/share/fonts/noto/NotoSansSunuwar-Regular.ttf
/usr/share/fonts/noto/NotoSansSylotiNagri-Regular.ttf
/usr/share/fonts/noto/NotoSansSymbols-Black.ttf
/usr/share/fonts/noto/NotoSansSymbols-Bold.ttf
/usr/share/fonts/noto/NotoSansSymbols-Light.ttf
/usr/share/fonts/noto/NotoSansSymbols-Medium.ttf
/usr/share/fonts/noto/NotoSansSymbols-Regular.ttf
/usr/share/fonts/noto/NotoSansSymbols-Thin.ttf
/usr/share/fonts/noto/NotoSansSymbols2-Regular.ttf
/usr/share/fonts/noto/NotoSansSyriac-Black.ttf
/usr/share/fonts/noto/NotoSansSyriac-Regular.ttf
/usr/share/fonts/noto/NotoSansSyriac-Thin.ttf
/usr/share/fonts/noto/NotoSansSyriacEastern-Black.ttf
/usr/share/fonts/noto/NotoSansSyriacEastern-Regular.ttf
/usr/share/fonts/noto/NotoSansSyriacEastern-Thin.ttf
/usr/share/fonts/noto/NotoSansSyriacWestern-Black.ttf
/usr/share/fonts/noto/NotoSansSyriacWestern-Regular.ttf
/usr/share/fonts/noto/NotoSansSyriacWestern-Thin.ttf
/usr/share/fonts/noto/NotoSansTagalog-Regular.ttf
/usr/share/fonts/noto/NotoSansTagbanwa-Regular.ttf
/usr/share/fonts/noto/NotoSansTaiLe-Regular.ttf
/usr/share/fonts/noto/NotoSansTaiTham-Bold.ttf
/usr/share/fonts/noto/NotoSansTaiTham-Medium.ttf
/usr/share/fonts/noto/NotoSansTaiTham-Regular.ttf
/usr/share/fonts/noto/NotoSansTaiViet-Regular.ttf
/usr/share/fonts/noto/NotoSansTakri-Regular.ttf
/usr/share/fonts/noto/NotoSansTamil-Black.ttf
/usr/share/fonts/noto/NotoSansTamil-Bold.ttf
/usr/share/fonts/noto/NotoSansTamil-Light.ttf
/usr/share/fonts/noto/NotoSansTamil-Medium.ttf
/usr/share/fonts/noto/NotoSansTamil-Regular.ttf
/usr/share/fonts/noto/NotoSansTamil-Thin.ttf
/usr/share/fonts/noto/NotoSansTamilSupplement-Regular.ttf
/usr/share/fonts/noto/NotoSansTamilUI-Black.ttf
/usr/share/fonts/noto/NotoSansTamilUI-Bold.ttf
/usr/share/fonts/noto/NotoSansTamilUI-Light.ttf
/usr/share/fonts/noto/NotoSansTamilUI-Medium.ttf
/usr/share/fonts/noto/NotoSansTamilUI-Regular.ttf
/usr/share/fonts/noto/NotoSansTamilUI-Thin.ttf
/usr/share/fonts/noto/NotoSansTangsa-Bold.ttf
/usr/share/fonts/noto/NotoSansTangsa-Medium.ttf
/usr/share/fonts/noto/NotoSansTangsa-Regular.ttf
/usr/share/fonts/noto/NotoSansTelugu-Black.ttf
/usr/share/fonts/noto/NotoSansTelugu-Bold.ttf
/usr/share/fonts/noto/NotoSansTelugu-Light.ttf
/usr/share/fonts/noto/NotoSansTelugu-Medium.ttf
/usr/share/fonts/noto/NotoSansTelugu-Regular.ttf
/usr/share/fonts/noto/NotoSansTelugu-Thin.ttf
/usr/share/fonts/noto/NotoSansTeluguUI-Black.ttf
/usr/share/fonts/noto/NotoSansTeluguUI-Bold.ttf
/usr/share/fonts/noto/NotoSansTeluguUI-Light.ttf
/usr/share/fonts/noto/NotoSansTeluguUI-Medium.ttf
/usr/share/fonts/noto/NotoSansTeluguUI-Regular.ttf
/usr/share/fonts/noto/NotoSansTeluguUI-Thin.ttf
/usr/share/fonts/noto/NotoSansTest-Regular.ttf
/usr/share/fonts/noto/NotoSansThaana-Black.ttf
/usr/share/fonts/noto/NotoSansThaana-Bold.ttf
/usr/share/fonts/noto/NotoSansThaana-Light.ttf
/usr/share/fonts/noto/NotoSansThaana-Medium.ttf
/usr/share/fonts/noto/NotoSansThaana-Regular.ttf
/usr/share/fonts/noto/NotoSansThaana-Thin.ttf
/usr/share/fonts/noto/NotoSansThai-Black.ttf
/usr/share/fonts/noto/NotoSansThai-Bold.ttf
/usr/share/fonts/noto/NotoSansThai-Light.ttf
/usr/share/fonts/noto/NotoSansThai-Medium.ttf
/usr/share/fonts/noto/NotoSansThai-Regular.ttf
/usr/share/fonts/noto/NotoSansThai-Thin.ttf
/usr/share/fonts/noto/NotoSansThaiLooped-Black.ttf
/usr/share/fonts/noto/NotoSansThaiLooped-Bold.ttf
/usr/share/fonts/noto/NotoSansThaiLooped-Light.ttf
/usr/share/fonts/noto/NotoSansThaiLooped-Medium.ttf
/usr/share/fonts/noto/NotoSansThaiLooped-Regular.ttf
/usr/share/fonts/noto/NotoSansThaiLooped-Thin.ttf
/usr/share/fonts/noto/NotoSansTifinagh-Regular.ttf
/usr/share/fonts/noto/NotoSansTifinaghAPT-Regular.ttf
/usr/share/fonts/noto/NotoSansTifinaghAdrar-Regular.ttf
/usr/share/fonts/noto/NotoSansTifinaghAgrawImazighen-Regular.ttf
/usr/share/fonts/noto/NotoSansTifinaghAhaggar-Regular.ttf
/usr/share/fonts/noto/NotoSansTifinaghAir-Regular.ttf
/usr/share/fonts/noto/NotoSansTifinaghAzawagh-Regular.ttf
/usr/share/fonts/noto/NotoSansTifinaghGhat-Regular.ttf
/usr/share/fonts/noto/NotoSansTifinaghHawad-Regular.ttf
/usr/share/fonts/noto/NotoSansTifinaghRhissaIxa-Regular.ttf
/usr/share/fonts/noto/NotoSansTifinaghSIL-Regular.ttf
/usr/share/fonts/noto/NotoSansTifinaghTawellemmet-Regular.ttf
/usr/share/fonts/noto/NotoSansTirhuta-Regular.ttf
/usr/share/fonts/noto/NotoSansUgaritic-Regular.ttf
/usr/share/fonts/noto/NotoSansVai-Regular.ttf
/usr/share/fonts/noto/NotoSansVithkuqi-Bold.ttf
/usr/share/fonts/noto/NotoSansVithkuqi-Medium.ttf
/usr/share/fonts/noto/NotoSansVithkuqi-Regular.ttf
/usr/share/fonts/noto/NotoSansWancho-Regular.ttf
/usr/share/fonts/noto/NotoSansWarangCiti-Regular.ttf
/usr/share/fonts/noto/NotoSansYi-Regular.ttf
/usr/share/fonts/noto/NotoSansZanabazarSquare-Regular.ttf
/usr/share/fonts/noto/NotoSerif-Black.ttf
/usr/share/fonts/noto/NotoSerif-BlackItalic.ttf
/usr/share/fonts/noto/NotoSerif-Bold.ttf
/usr/share/fonts/noto/NotoSerif-BoldItalic.ttf
/usr/share/fonts/noto/NotoSerif-Italic.ttf
/usr/share/fonts/noto/NotoSerif-Light.ttf
/usr/share/fonts/noto/NotoSerif-LightItalic.ttf
/usr/share/fonts/noto/NotoSerif-Medium.ttf
/usr/share/fonts/noto/NotoSerif-MediumItalic.ttf
/usr/share/fonts/noto/NotoSerif-Regular.ttf
/usr/share/fonts/noto/NotoSerif-Thin.ttf
/usr/share/fonts/noto/NotoSerif-ThinItalic.ttf
/usr/share/fonts/noto/NotoSerifAhom-Regular.ttf
/usr/share/fonts/noto/NotoSerifArmenian-Black.ttf
/usr/share/fonts/noto/NotoSerifArmenian-Bold.ttf
/usr/share/fonts/noto/NotoSerifArmenian-Light.ttf
/usr/share/fonts/noto/NotoSerifArmenian-Medium.ttf
/usr/share/fonts/noto/NotoSerifArmenian-Regular.ttf
/usr/share/fonts/noto/NotoSerifArmenian-Thin.ttf
/usr/share/fonts/noto/NotoSerifBalinese-Regular.ttf
/usr/share/fonts/noto/NotoSerifBengali-Black.ttf
/usr/share/fonts/noto/NotoSerifBengali-Bold.ttf
/usr/share/fonts/noto/NotoSerifBengali-Light.ttf
/usr/share/fonts/noto/NotoSerifBengali-Medium.ttf
/usr/share/fonts/noto/NotoSerifBengali-Regular.ttf
/usr/share/fonts/noto/NotoSerifBengali-Thin.ttf
/usr/share/fonts/noto/NotoSerifDevanagari-Black.ttf
/usr/share/fonts/noto/NotoSerifDevanagari-Bold.ttf
/usr/share/fonts/noto/NotoSerifDevanagari-Light.ttf
/usr/share/fonts/noto/NotoSerifDevanagari-Medium.ttf
/usr/share/fonts/noto/NotoSerifDevanagari-Regular.ttf
/usr/share/fonts/noto/NotoSerifDevanagari-Thin.ttf
/usr/share/fonts/noto/NotoSerifDisplay-Black.ttf
/usr/share/fonts/noto/NotoSerifDisplay-BlackItalic.ttf
/usr/share/fonts/noto/NotoSerifDisplay-Bold.ttf
/usr/share/fonts/noto/NotoSerifDisplay-BoldItalic.ttf
/usr/share/fonts/noto/NotoSerifDisplay-Italic.ttf
/usr/share/fonts/noto/NotoSerifDisplay-Light.ttf
/usr/share/fonts/noto/NotoSerifDisplay-LightItalic.ttf
/usr/share/fonts/noto/NotoSerifDisplay-Medium.ttf
/usr/share/fonts/noto/NotoSerifDisplay-MediumItalic.ttf
/usr/share/fonts/noto/NotoSerifDisplay-Regular.ttf
/usr/share/fonts/noto/NotoSerifDisplay-Thin.ttf
/usr/share/fonts/noto/NotoSerifDisplay-ThinItalic.ttf
/usr/share/fonts/noto/NotoSerifDivesAkuru-Regular.ttf
/usr/share/fonts/noto/NotoSerifDogra-Regular.ttf
/usr/share/fonts/noto/NotoSerifEthiopic-Black.ttf
/usr/share/fonts/noto/NotoSerifEthiopic-Bold.ttf
/usr/share/fonts/noto/NotoSerifEthiopic-Light.ttf
/usr/share/fonts/noto/NotoSerifEthiopic-Medium.ttf
/usr/share/fonts/noto/NotoSerifEthiopic-Regular.ttf
/usr/share/fonts/noto/NotoSerifEthiopic-Thin.ttf
/usr/share/fonts/noto/NotoSerifGeorgian-Black.ttf
/usr/share/fonts/noto/NotoSerifGeorgian-Bold.ttf
/usr/share/fonts/noto/NotoSerifGeorgian-Light.ttf
/usr/share/fonts/noto/NotoSerifGeorgian-Medium.ttf
/usr/share/fonts/noto/NotoSerifGeorgian-Regular.ttf
/usr/share/fonts/noto/NotoSerifGeorgian-Thin.ttf
/usr/share/fonts/noto/NotoSerifGrantha-Regular.ttf
/usr/share/fonts/noto/NotoSerifGujarati-Black.ttf
/usr/share/fonts/noto/NotoSerifGujarati-Bold.ttf
/usr/share/fonts/noto/NotoSerifGujarati-Light.ttf
/usr/share/fonts/noto/NotoSerifGujarati-Medium.ttf
/usr/share/fonts/noto/NotoSerifGujarati-Regular.ttf
/usr/share/fonts/noto/NotoSerifGujarati-Thin.ttf
/usr/share/fonts/noto/NotoSerifGurmukhi-Black.ttf
/usr/share/fonts/noto/NotoSerifGurmukhi-Bold.ttf
/usr/share/fonts/noto/NotoSerifGurmukhi-Light.ttf
/usr/share/fonts/noto/NotoSerifGurmukhi-Medium.ttf
/usr/share/fonts/noto/NotoSerifGurmukhi-Regular.ttf
/usr/share/fonts/noto/NotoSerifGurmukhi-Thin.ttf
/usr/share/fonts/noto/NotoSerifHebrew-Black.ttf
/usr/share/fonts/noto/NotoSerifHebrew-Bold.ttf
/usr/share/fonts/noto/NotoSerifHebrew-Light.ttf
/usr/share/fonts/noto/NotoSerifHebrew-Medium.ttf
/usr/share/fonts/noto/NotoSerifHebrew-Regular.ttf
/usr/share/fonts/noto/NotoSerifHebrew-Thin.ttf
/usr/share/fonts/noto/NotoSerifHentaigana-Black.ttf
/usr/share/fonts/noto/NotoSerifHentaigana-Bold.ttf
/usr/share/fonts/noto/NotoSerifHentaigana-Light.ttf
/usr/share/fonts/noto/NotoSerifHentaigana-Medium.ttf
/usr/share/fonts/noto/NotoSerifHentaigana-Regular.ttf
/usr/share/fonts/noto/NotoSerifKannada-Black.ttf
/usr/share/fonts/noto/NotoSerifKannada-Bold.ttf
/usr/share/fonts/noto/NotoSerifKannada-Light.ttf
/usr/share/fonts/noto/NotoSerifKannada-Medium.ttf
/usr/share/fonts/noto/NotoSerifKannada-Regular.ttf
/usr/share/fonts/noto/NotoSerifKannada-Thin.ttf
/usr/share/fonts/noto/NotoSerifKhitanSmallScript-Regular.ttf
/usr/share/fonts/noto/NotoSerifKhmer-Black.ttf
/usr/share/fonts/noto/NotoSerifKhmer-Bold.ttf
/usr/share/fonts/noto/NotoSerifKhmer-Light.ttf
/usr/share/fonts/noto/NotoSerifKhmer-Medium.ttf
/usr/share/fonts/noto/NotoSerifKhmer-Regular.ttf
/usr/share/fonts/noto/NotoSerifKhmer-Thin.ttf
/usr/share/fonts/noto/NotoSerifKhojki-Bold.ttf
/usr/share/fonts/noto/NotoSerifKhojki-Regular.ttf
/usr/share/fonts/noto/NotoSerifLao-Black.ttf
/usr/share/fonts/noto/NotoSerifLao-Bold.ttf
/usr/share/fonts/noto/NotoSerifLao-Light.ttf
/usr/share/fonts/noto/NotoSerifLao-Medium.ttf
/usr/share/fonts/noto/NotoSerifLao-Regular.ttf
/usr/share/fonts/noto/NotoSerifLao-Thin.ttf
/usr/share/fonts/noto/NotoSerifMakasar-Regular.ttf
/usr/share/fonts/noto/NotoSerifMalayalam-Black.ttf
/usr/share/fonts/noto/NotoSerifMalayalam-Bold.ttf
/usr/share/fonts/noto/NotoSerifMalayalam-Light.ttf
/usr/share/fonts/noto/NotoSerifMalayalam-Medium.ttf
/usr/share/fonts/noto/NotoSerifMalayalam-Regular.ttf
/usr/share/fonts/noto/NotoSerifMalayalam-Thin.ttf
/usr/share/fonts/noto/NotoSerifMyanmar-Black.ttf
/usr/share/fonts/noto/NotoSerifMyanmar-Bold.ttf
/usr/share/fonts/noto/NotoSerifMyanmar-Light.ttf
/usr/share/fonts/noto/NotoSerifMyanmar-Medium.ttf
/usr/share/fonts/noto/NotoSerifMyanmar-Regular.ttf
/usr/share/fonts/noto/NotoSerifMyanmar-Thin.ttf
/usr/share/fonts/noto/NotoSerifNPHmong-Bold.ttf
/usr/share/fonts/noto/NotoSerifNPHmong-Medium.ttf
/usr/share/fonts/noto/NotoSerifNPHmong-Regular.ttf
/usr/share/fonts/noto/NotoSerifOldUyghur-Regular.ttf
/usr/share/fonts/noto/NotoSerifOriya-Bold.ttf
/usr/share/fonts/noto/NotoSerifOriya-Medium.ttf
/usr/share/fonts/noto/NotoSerifOriya-Regular.ttf
/usr/share/fonts/noto/NotoSerifOttomanSiyaq-Regular.ttf
/usr/share/fonts/noto/NotoSerifSinhala-Black.ttf
/usr/share/fonts/noto/NotoSerifSinhala-Bold.ttf
/usr/share/fonts/noto/NotoSerifSinhala-Light.ttf
/usr/share/fonts/noto/NotoSerifSinhala-Medium.ttf
/usr/share/fonts/noto/NotoSerifSinhala-Regular.ttf
/usr/share/fonts/noto/NotoSerifSinhala-Thin.ttf
/usr/share/fonts/noto/NotoSerifTamil-Black.ttf
/usr/share/fonts/noto/NotoSerifTamil-BlackItalic.ttf
/usr/share/fonts/noto/NotoSerifTamil-Bold.ttf
/usr/share/fonts/noto/NotoSerifTamil-BoldItalic.ttf
/usr/share/fonts/noto/NotoSerifTamil-Italic.ttf
/usr/share/fonts/noto/NotoSerifTamil-Light.ttf
/usr/share/fonts/noto/NotoSerifTamil-LightItalic.ttf
/usr/share/fonts/noto/NotoSerifTamil-Medium.ttf
/usr/share/fonts/noto/NotoSerifTamil-MediumItalic.ttf
/usr/share/fonts/noto/NotoSerifTamil-Regular.ttf
/usr/share/fonts/noto/NotoSerifTamil-Thin.ttf
/usr/share/fonts/noto/NotoSerifTamil-ThinItalic.ttf
/usr/share/fonts/noto/NotoSerifTangut-Regular.ttf
/usr/share/fonts/noto/NotoSerifTelugu-Black.ttf
/usr/share/fonts/noto/NotoSerifTelugu-Bold.ttf
/usr/share/fonts/noto/NotoSerifTelugu-Light.ttf
/usr/share/fonts/noto/NotoSerifTelugu-Medium.ttf
/usr/share/fonts/noto/NotoSerifTelugu-Regular.ttf
/usr/share/fonts/noto/NotoSerifTelugu-Thin.ttf
/usr/share/fonts/noto/NotoSerifTest-Bold.ttf
/usr/share/fonts/noto/NotoSerifTest-Regular.ttf
/usr/share/fonts/noto/NotoSerifThai-Black.ttf
/usr/share/fonts/noto/NotoSerifThai-Bold.ttf
/usr/share/fonts/noto/NotoSerifThai-Light.ttf
/usr/share/fonts/noto/NotoSerifThai-Medium.ttf
/usr/share/fonts/noto/NotoSerifThai-Regular.ttf
/usr/share/fonts/noto/NotoSerifThai-Thin.ttf
/usr/share/fonts/noto/NotoSerifTibetan-Black.ttf
/usr/share/fonts/noto/NotoSerifTibetan-Bold.ttf
/usr/share/fonts/noto/NotoSerifTibetan-Light.ttf
/usr/share/fonts/noto/NotoSerifTibetan-Medium.ttf
/usr/share/fonts/noto/NotoSerifTibetan-Regular.ttf
/usr/share/fonts/noto/NotoSerifTibetan-Thin.ttf
/usr/share/fonts/noto/NotoSerifTodhri-Regular.ttf
/usr/share/fonts/noto/NotoSerifToto-Bold.ttf
/usr/share/fonts/noto/NotoSerifToto-Medium.ttf
/usr/share/fonts/noto/NotoSerifToto-Regular.ttf
/usr/share/fonts/noto/NotoSerifVithkuqi-Bold.ttf
/usr/share/fonts/noto/NotoSerifVithkuqi-Medium.ttf
/usr/share/fonts/noto/NotoSerifVithkuqi-Regular.ttf
/usr/share/fonts/noto/NotoSerifYezidi-Bold.ttf
/usr/share/fonts/noto/NotoSerifYezidi-Medium.ttf
/usr/share/fonts/noto/NotoSerifYezidi-Regular.ttf
/usr/share/fonts/noto/NotoTraditionalNushu-Bold.ttf
/usr/share/fonts/noto/NotoTraditionalNushu-Light.ttf
/usr/share/fonts/noto/NotoTraditionalNushu-Regular.ttf
/usr/share/fonts/noto/NotoZnamennyMusicalNotation-Regular.ttf
